19/01/2018 16:42 Error! Template not found: /home/andrey/www/htdocs/polimerplast/build/templates/db/SQL.PGSQL.xsl
19/01/2018 16:44 Error! Template not found: /home/andrey/www/htdocs/polimerplast/build/templates/doc/Doc_html.xsl
19/01/2018 16:46 Error! Template not found: /home/andrey/www/htdocs/polimerplast/build/templates/functions/role_permissions.xsl
19/01/2018 16:48 Error! Template not found: /home/andrey/www/htdocs/polimerplast/build/templates/functions/role_permissions.xsl
19/01/2018 16:50 Error! Template not found: /home/andrey/www/htdocs/polimerplast/build/templates/functions/role_permissions.xsl
19/01/2018 16:55 Error! Template not found /home/andrey/www/htdocs/polimerplast/build/templates/permissions/permission_php.tmpl
20/06/2022 13:56 XSLT transformation with built-in processor:/home/andrey/www/htdocs/polimerplast/build/templates/controllers/User_Controller_php.xsl => /home/andrey/www/htdocs/polimerplast/controllers/User_Controller.php
20/06/2022 13:56 XSLT transformation with built-in processor:/home/andrey/www/htdocs/polimerplast/build/templates/controllers/User_Controller_js.xsl => /home/andrey/www/htdocs/polimerplast/js/controllers/User_Controller.js
20/06/2022 13:56 XSLT transformation with built-in processor:/home/andrey/www/htdocs/polimerplast/build/templates/controllers/Constant_Controller_php.xsl => /home/andrey/www/htdocs/polimerplast/controllers/Constant_Controller.php
20/06/2022 13:56 XSLT transformation with built-in processor:/home/andrey/www/htdocs/polimerplast/build/templates/controllers/Constant_Controller_js.xsl => /home/andrey/www/htdocs/polimerplast/js/controllers/Constant_Controller.js
20/06/2022 13:56 XSLT transformation with built-in processor:/home/andrey/www/htdocs/polimerplast/build/templates/controllers/Enum_Controller_php.xsl => /home/andrey/www/htdocs/polimerplast/controllers/Enum_Controller.php
20/06/2022 13:56 XSLT transformation with built-in processor:/home/andrey/www/htdocs/polimerplast/build/templates/controllers/Enum_Controller_js.xsl => /home/andrey/www/htdocs/polimerplast/js/controllers/Enum_Controller.js
20/06/2022 13:56 XSLT transformation with built-in processor:/home/andrey/www/htdocs/polimerplast/build/templates/controllers/Firm_Controller_php.xsl => /home/andrey/www/htdocs/polimerplast/controllers/Firm_Controller.php
20/06/2022 13:56 XSLT transformation with built-in processor:/home/andrey/www/htdocs/polimerplast/build/templates/controllers/Firm_Controller_js.xsl => /home/andrey/www/htdocs/polimerplast/js/controllers/Firm_Controller.js
20/06/2022 13:56 XSLT transformation with built-in processor:/home/andrey/www/htdocs/polimerplast/build/templates/controllers/Warehouse_Controller_php.xsl => /home/andrey/www/htdocs/polimerplast/controllers/Warehouse_Controller.php
20/06/2022 13:56 XSLT transformation with built-in processor:/home/andrey/www/htdocs/polimerplast/build/templates/controllers/Warehouse_Controller_js.xsl => /home/andrey/www/htdocs/polimerplast/js/controllers/Warehouse_Controller.js
20/06/2022 13:56 XSLT transformation with built-in processor:/home/andrey/www/htdocs/polimerplast/build/templates/controllers/Product_Controller_php.xsl => /home/andrey/www/htdocs/polimerplast/controllers/Product_Controller.php
20/06/2022 13:56 XSLT transformation with built-in processor:/home/andrey/www/htdocs/polimerplast/build/templates/controllers/Product_Controller_js.xsl => /home/andrey/www/htdocs/polimerplast/js/controllers/Product_Controller.js
20/06/2022 13:56 XSLT transformation with built-in processor:/home/andrey/www/htdocs/polimerplast/build/templates/controllers/ProductCustomSizePrice_Controller_php.xsl => /home/andrey/www/htdocs/polimerplast/controllers/ProductCustomSizePrice_Controller.php
20/06/2022 13:56 XSLT transformation with built-in processor:/home/andrey/www/htdocs/polimerplast/build/templates/controllers/ProductCustomSizePrice_Controller_js.xsl => /home/andrey/www/htdocs/polimerplast/js/controllers/ProductCustomSizePrice_Controller.js
20/06/2022 13:56 XSLT transformation with built-in processor:/home/andrey/www/htdocs/polimerplast/build/templates/controllers/ProductWarehouse_Controller_php.xsl => /home/andrey/www/htdocs/polimerplast/controllers/ProductWarehouse_Controller.php
20/06/2022 13:56 XSLT transformation with built-in processor:/home/andrey/www/htdocs/polimerplast/build/templates/controllers/ProductWarehouse_Controller_js.xsl => /home/andrey/www/htdocs/polimerplast/js/controllers/ProductWarehouse_Controller.js
20/06/2022 13:56 XSLT transformation with built-in processor:/home/andrey/www/htdocs/polimerplast/build/templates/controllers/MeasureUnit_Controller_php.xsl => /home/andrey/www/htdocs/polimerplast/controllers/MeasureUnit_Controller.php
20/06/2022 13:56 XSLT transformation with built-in processor:/home/andrey/www/htdocs/polimerplast/build/templates/controllers/MeasureUnit_Controller_js.xsl => /home/andrey/www/htdocs/polimerplast/js/controllers/MeasureUnit_Controller.js
20/06/2022 13:56 XSLT transformation with built-in processor:/home/andrey/www/htdocs/polimerplast/build/templates/controllers/ProductMeasureUnit_Controller_php.xsl => /home/andrey/www/htdocs/polimerplast/controllers/ProductMeasureUnit_Controller.php
20/06/2022 13:56 XSLT transformation with built-in processor:/home/andrey/www/htdocs/polimerplast/build/templates/controllers/ProductMeasureUnit_Controller_js.xsl => /home/andrey/www/htdocs/polimerplast/js/controllers/ProductMeasureUnit_Controller.js
20/06/2022 13:56 XSLT transformation with built-in processor:/home/andrey/www/htdocs/polimerplast/build/templates/controllers/Client_Controller_php.xsl => /home/andrey/www/htdocs/polimerplast/controllers/Client_Controller.php
20/06/2022 13:56 XSLT transformation with built-in processor:/home/andrey/www/htdocs/polimerplast/build/templates/controllers/Client_Controller_js.xsl => /home/andrey/www/htdocs/polimerplast/js/controllers/Client_Controller.js
20/06/2022 13:56 XSLT transformation with built-in processor:/home/andrey/www/htdocs/polimerplast/build/templates/controllers/ClientContract_Controller_php.xsl => /home/andrey/www/htdocs/polimerplast/controllers/ClientContract_Controller.php
20/06/2022 13:56 XSLT transformation with built-in processor:/home/andrey/www/htdocs/polimerplast/build/templates/controllers/ClientContract_Controller_js.xsl => /home/andrey/www/htdocs/polimerplast/js/controllers/ClientContract_Controller.js
20/06/2022 13:56 XSLT transformation with built-in processor:/home/andrey/www/htdocs/polimerplast/build/templates/controllers/ClientUser_Controller_php.xsl => /home/andrey/www/htdocs/polimerplast/controllers/ClientUser_Controller.php
20/06/2022 13:56 XSLT transformation with built-in processor:/home/andrey/www/htdocs/polimerplast/build/templates/controllers/ClientUser_Controller_js.xsl => /home/andrey/www/htdocs/polimerplast/js/controllers/ClientUser_Controller.js
20/06/2022 13:56 XSLT transformation with built-in processor:/home/andrey/www/htdocs/polimerplast/build/templates/controllers/ClientPriceList_Controller_php.xsl => /home/andrey/www/htdocs/polimerplast/controllers/ClientPriceList_Controller.php
20/06/2022 13:56 XSLT transformation with built-in processor:/home/andrey/www/htdocs/polimerplast/build/templates/controllers/ClientPriceList_Controller_js.xsl => /home/andrey/www/htdocs/polimerplast/js/controllers/ClientPriceList_Controller.js
20/06/2022 13:56 XSLT transformation with built-in processor:/home/andrey/www/htdocs/polimerplast/build/templates/controllers/ClientPriceListProduct_Controller_php.xsl => /home/andrey/www/htdocs/polimerplast/controllers/ClientPriceListProduct_Controller.php
20/06/2022 13:56 XSLT transformation with built-in processor:/home/andrey/www/htdocs/polimerplast/build/templates/controllers/ClientPriceListProduct_Controller_js.xsl => /home/andrey/www/htdocs/polimerplast/js/controllers/ClientPriceListProduct_Controller.js
20/06/2022 13:56 XSLT transformation with built-in processor:/home/andrey/www/htdocs/polimerplast/build/templates/controllers/ClientPriceListClient_Controller_php.xsl => /home/andrey/www/htdocs/polimerplast/controllers/ClientPriceListClient_Controller.php
20/06/2022 13:56 XSLT transformation with built-in processor:/home/andrey/www/htdocs/polimerplast/build/templates/controllers/ClientPriceListClient_Controller_js.xsl => /home/andrey/www/htdocs/polimerplast/js/controllers/ClientPriceListClient_Controller.js
20/06/2022 13:56 XSLT transformation with built-in processor:/home/andrey/www/htdocs/polimerplast/build/templates/controllers/ProductionCity_Controller_php.xsl => /home/andrey/www/htdocs/polimerplast/controllers/ProductionCity_Controller.php
20/06/2022 13:56 XSLT transformation with built-in processor:/home/andrey/www/htdocs/polimerplast/build/templates/controllers/ProductionCity_Controller_js.xsl => /home/andrey/www/htdocs/polimerplast/js/controllers/ProductionCity_Controller.js
20/06/2022 13:56 XSLT transformation with built-in processor:/home/andrey/www/htdocs/polimerplast/build/templates/controllers/DOCOrder_Controller_php.xsl => /home/andrey/www/htdocs/polimerplast/controllers/DOCOrder_Controller.php
20/06/2022 13:56 XSLT transformation with built-in processor:/home/andrey/www/htdocs/polimerplast/build/templates/controllers/DOCOrder_Controller_js.xsl => /home/andrey/www/htdocs/polimerplast/js/controllers/DOCOrder_Controller.js
20/06/2022 13:56 XSLT transformation with built-in processor:/home/andrey/www/htdocs/polimerplast/build/templates/controllers/DOCOrderDOCTProduct_Controller_php.xsl => /home/andrey/www/htdocs/polimerplast/controllers/DOCOrderDOCTProduct_Controller.php
20/06/2022 13:56 XSLT transformation with built-in processor:/home/andrey/www/htdocs/polimerplast/build/templates/controllers/DOCOrderDOCTProduct_Controller_js.xsl => /home/andrey/www/htdocs/polimerplast/js/controllers/DOCOrderDOCTProduct_Controller.js
20/06/2022 13:56 XSLT transformation with built-in processor:/home/andrey/www/htdocs/polimerplast/build/templates/controllers/DOCOrderDOCTCustSurvey_Controller_php.xsl => /home/andrey/www/htdocs/polimerplast/controllers/DOCOrderDOCTCustSurvey_Controller.php
20/06/2022 13:56 XSLT transformation with built-in processor:/home/andrey/www/htdocs/polimerplast/build/templates/controllers/DOCOrderDOCTCustSurvey_Controller_js.xsl => /home/andrey/www/htdocs/polimerplast/js/controllers/DOCOrderDOCTCustSurvey_Controller.js
20/06/2022 13:56 XSLT transformation with built-in processor:/home/andrey/www/htdocs/polimerplast/build/templates/controllers/DeliveryPeriod_Controller_php.xsl => /home/andrey/www/htdocs/polimerplast/controllers/DeliveryPeriod_Controller.php
20/06/2022 13:56 XSLT transformation with built-in processor:/home/andrey/www/htdocs/polimerplast/build/templates/controllers/DeliveryPeriod_Controller_js.xsl => /home/andrey/www/htdocs/polimerplast/js/controllers/DeliveryPeriod_Controller.js
20/06/2022 13:56 XSLT transformation with built-in processor:/home/andrey/www/htdocs/polimerplast/build/templates/controllers/ProductionState_Controller_php.xsl => /home/andrey/www/htdocs/polimerplast/controllers/ProductionState_Controller.php
20/06/2022 13:56 XSLT transformation with built-in processor:/home/andrey/www/htdocs/polimerplast/build/templates/controllers/ProductionState_Controller_js.xsl => /home/andrey/www/htdocs/polimerplast/js/controllers/ProductionState_Controller.js
20/06/2022 13:56 XSLT transformation with built-in processor:/home/andrey/www/htdocs/polimerplast/build/templates/controllers/Kladr_Controller_php.xsl => /home/andrey/www/htdocs/polimerplast/controllers/Kladr_Controller.php
20/06/2022 13:56 XSLT transformation with built-in processor:/home/andrey/www/htdocs/polimerplast/build/templates/controllers/Kladr_Controller_js.xsl => /home/andrey/www/htdocs/polimerplast/js/controllers/Kladr_Controller.js
20/06/2022 13:56 XSLT transformation with built-in processor:/home/andrey/www/htdocs/polimerplast/build/templates/controllers/CustomerSurveyQuestion_Controller_php.xsl => /home/andrey/www/htdocs/polimerplast/controllers/CustomerSurveyQuestion_Controller.php
20/06/2022 13:56 XSLT transformation with built-in processor:/home/andrey/www/htdocs/polimerplast/build/templates/controllers/CustomerSurveyQuestion_Controller_js.xsl => /home/andrey/www/htdocs/polimerplast/js/controllers/CustomerSurveyQuestion_Controller.js
20/06/2022 13:56 XSLT transformation with built-in processor:/home/andrey/www/htdocs/polimerplast/build/templates/controllers/CustomerSurvey_Controller_php.xsl => /home/andrey/www/htdocs/polimerplast/controllers/CustomerSurvey_Controller.php
20/06/2022 13:56 XSLT transformation with built-in processor:/home/andrey/www/htdocs/polimerplast/build/templates/controllers/CustomerSurvey_Controller_js.xsl => /home/andrey/www/htdocs/polimerplast/js/controllers/CustomerSurvey_Controller.js
20/06/2022 13:56 XSLT transformation with built-in processor:/home/andrey/www/htdocs/polimerplast/build/templates/controllers/Payment_Controller_php.xsl => /home/andrey/www/htdocs/polimerplast/controllers/Payment_Controller.php
20/06/2022 13:56 XSLT transformation with built-in processor:/home/andrey/www/htdocs/polimerplast/build/templates/controllers/Payment_Controller_js.xsl => /home/andrey/www/htdocs/polimerplast/js/controllers/Payment_Controller.js
20/06/2022 13:56 XSLT transformation with built-in processor:/home/andrey/www/htdocs/polimerplast/build/templates/controllers/ReportVariant_Controller_php.xsl => /home/andrey/www/htdocs/polimerplast/controllers/ReportVariant_Controller.php
20/06/2022 13:56 XSLT transformation with built-in processor:/home/andrey/www/htdocs/polimerplast/build/templates/controllers/ReportVariant_Controller_js.xsl => /home/andrey/www/htdocs/polimerplast/js/controllers/ReportVariant_Controller.js
20/06/2022 13:56 XSLT transformation with built-in processor:/home/andrey/www/htdocs/polimerplast/build/templates/controllers/Report_Controller_php.xsl => /home/andrey/www/htdocs/polimerplast/controllers/Report_Controller.php
20/06/2022 13:56 XSLT transformation with built-in processor:/home/andrey/www/htdocs/polimerplast/build/templates/controllers/Report_Controller_js.xsl => /home/andrey/www/htdocs/polimerplast/js/controllers/Report_Controller.js
20/06/2022 13:56 XSLT transformation with built-in processor:/home/andrey/www/htdocs/polimerplast/build/templates/controllers/Delivery_Controller_php.xsl => /home/andrey/www/htdocs/polimerplast/controllers/Delivery_Controller.php
20/06/2022 13:56 XSLT transformation with built-in processor:/home/andrey/www/htdocs/polimerplast/build/templates/controllers/Delivery_Controller_js.xsl => /home/andrey/www/htdocs/polimerplast/js/controllers/Delivery_Controller.js
20/06/2022 13:56 XSLT transformation with built-in processor:/home/andrey/www/htdocs/polimerplast/build/templates/controllers/Driver_Controller_php.xsl => /home/andrey/www/htdocs/polimerplast/controllers/Driver_Controller.php
20/06/2022 13:56 XSLT transformation with built-in processor:/home/andrey/www/htdocs/polimerplast/build/templates/controllers/Driver_Controller_js.xsl => /home/andrey/www/htdocs/polimerplast/js/controllers/Driver_Controller.js
20/06/2022 13:56 XSLT transformation with built-in processor:/home/andrey/www/htdocs/polimerplast/build/templates/controllers/Carrier_Controller_php.xsl => /home/andrey/www/htdocs/polimerplast/controllers/Carrier_Controller.php
20/06/2022 13:56 XSLT transformation with built-in processor:/home/andrey/www/htdocs/polimerplast/build/templates/controllers/Carrier_Controller_js.xsl => /home/andrey/www/htdocs/polimerplast/js/controllers/Carrier_Controller.js
20/06/2022 13:56 XSLT transformation with built-in processor:/home/andrey/www/htdocs/polimerplast/build/templates/controllers/Vehicle_Controller_php.xsl => /home/andrey/www/htdocs/polimerplast/controllers/Vehicle_Controller.php
20/06/2022 13:56 XSLT transformation with built-in processor:/home/andrey/www/htdocs/polimerplast/build/templates/controllers/Vehicle_Controller_js.xsl => /home/andrey/www/htdocs/polimerplast/js/controllers/Vehicle_Controller.js
20/06/2022 13:56 XSLT transformation with built-in processor:/home/andrey/www/htdocs/polimerplast/build/templates/controllers/ClientDestination_Controller_php.xsl => /home/andrey/www/htdocs/polimerplast/controllers/ClientDestination_Controller.php
20/06/2022 13:56 XSLT transformation with built-in processor:/home/andrey/www/htdocs/polimerplast/build/templates/controllers/ClientDestination_Controller_js.xsl => /home/andrey/www/htdocs/polimerplast/js/controllers/ClientDestination_Controller.js
20/06/2022 13:56 XSLT transformation with built-in processor:/home/andrey/www/htdocs/polimerplast/build/templates/controllers/SMSTemplate_Controller_php.xsl => /home/andrey/www/htdocs/polimerplast/controllers/SMSTemplate_Controller.php
20/06/2022 13:56 XSLT transformation with built-in processor:/home/andrey/www/htdocs/polimerplast/build/templates/controllers/SMSTemplate_Controller_js.xsl => /home/andrey/www/htdocs/polimerplast/js/controllers/SMSTemplate_Controller.js
20/06/2022 13:56 XSLT transformation with built-in processor:/home/andrey/www/htdocs/polimerplast/build/templates/controllers/EmailTemplate_Controller_php.xsl => /home/andrey/www/htdocs/polimerplast/controllers/EmailTemplate_Controller.php
20/06/2022 13:56 XSLT transformation with built-in processor:/home/andrey/www/htdocs/polimerplast/build/templates/controllers/EmailTemplate_Controller_js.xsl => /home/andrey/www/htdocs/polimerplast/js/controllers/EmailTemplate_Controller.js
20/06/2022 13:56 XSLT transformation with built-in processor:/home/andrey/www/htdocs/polimerplast/build/templates/controllers/DelivCostOpt_Controller_php.xsl => /home/andrey/www/htdocs/polimerplast/controllers/DelivCostOpt_Controller.php
20/06/2022 13:56 XSLT transformation with built-in processor:/home/andrey/www/htdocs/polimerplast/build/templates/controllers/DelivCostOpt_Controller_js.xsl => /home/andrey/www/htdocs/polimerplast/js/controllers/DelivCostOpt_Controller.js
20/06/2022 13:56 XSLT transformation with built-in processor:/home/andrey/www/htdocs/polimerplast/build/templates/controllers/DelivCost_Controller_php.xsl => /home/andrey/www/htdocs/polimerplast/controllers/DelivCost_Controller.php
20/06/2022 13:56 XSLT transformation with built-in processor:/home/andrey/www/htdocs/polimerplast/build/templates/controllers/DelivCost_Controller_js.xsl => /home/andrey/www/htdocs/polimerplast/js/controllers/DelivCost_Controller.js
20/06/2022 13:56 XSLT transformation with built-in processor:/home/andrey/www/htdocs/polimerplast/build/templates/controllers/Holiday_Controller_php.xsl => /home/andrey/www/htdocs/polimerplast/controllers/Holiday_Controller.php
20/06/2022 13:56 XSLT transformation with built-in processor:/home/andrey/www/htdocs/polimerplast/build/templates/controllers/Holiday_Controller_js.xsl => /home/andrey/www/htdocs/polimerplast/js/controllers/Holiday_Controller.js
20/06/2022 13:56 XSLT transformation with built-in processor:/home/andrey/www/htdocs/polimerplast/build/templates/controllers/ClientDebtPeriod_Controller_php.xsl => /home/andrey/www/htdocs/polimerplast/controllers/ClientDebtPeriod_Controller.php
20/06/2022 13:56 XSLT transformation with built-in processor:/home/andrey/www/htdocs/polimerplast/build/templates/controllers/ClientDebtPeriod_Controller_js.xsl => /home/andrey/www/htdocs/polimerplast/js/controllers/ClientDebtPeriod_Controller.js
20/06/2022 13:56 XSLT transformation with built-in processor:/home/andrey/www/htdocs/polimerplast/build/templates/controllers/DeliveryHour_Controller_php.xsl => /home/andrey/www/htdocs/polimerplast/controllers/DeliveryHour_Controller.php
20/06/2022 13:56 XSLT transformation with built-in processor:/home/andrey/www/htdocs/polimerplast/build/templates/controllers/DeliveryHour_Controller_js.xsl => /home/andrey/www/htdocs/polimerplast/js/controllers/DeliveryHour_Controller.js
20/06/2022 13:56 XSLT transformation with built-in processor:/home/andrey/www/htdocs/polimerplast/build/templates/controllers/ClientActivity_Controller_php.xsl => /home/andrey/www/htdocs/polimerplast/controllers/ClientActivity_Controller.php
20/06/2022 13:56 XSLT transformation with built-in processor:/home/andrey/www/htdocs/polimerplast/build/templates/controllers/ClientActivity_Controller_js.xsl => /home/andrey/www/htdocs/polimerplast/js/controllers/ClientActivity_Controller.js
20/06/2022 13:56 XSLT transformation with built-in processor:/home/andrey/www/htdocs/polimerplast/build/templates/controllers/SertType_Controller_php.xsl => /home/andrey/www/htdocs/polimerplast/controllers/SertType_Controller.php
20/06/2022 13:56 XSLT transformation with built-in processor:/home/andrey/www/htdocs/polimerplast/build/templates/controllers/SertType_Controller_js.xsl => /home/andrey/www/htdocs/polimerplast/js/controllers/SertType_Controller.js
20/06/2022 13:56 XSLT transformation with built-in processor:/home/andrey/www/htdocs/polimerplast/build/templates/controllers/SertTypeAttr_Controller_php.xsl => /home/andrey/www/htdocs/polimerplast/controllers/SertTypeAttr_Controller.php
20/06/2022 13:56 XSLT transformation with built-in processor:/home/andrey/www/htdocs/polimerplast/build/templates/controllers/SertTypeAttr_Controller_js.xsl => /home/andrey/www/htdocs/polimerplast/js/controllers/SertTypeAttr_Controller.js
20/06/2022 13:56 XSLT transformation with built-in processor:/home/andrey/www/htdocs/polimerplast/build/templates/controllers/TrackerServer_Controller_php.xsl => /home/andrey/www/htdocs/polimerplast/controllers/TrackerServer_Controller.php
20/06/2022 13:56 XSLT transformation with built-in processor:/home/andrey/www/htdocs/polimerplast/build/templates/controllers/TrackerServer_Controller_js.xsl => /home/andrey/www/htdocs/polimerplast/js/controllers/TrackerServer_Controller.js
20/06/2022 13:56 XSLT transformation with built-in processor:/home/andrey/www/htdocs/polimerplast/build/templates/controllers/Tracker_Controller_php.xsl => /home/andrey/www/htdocs/polimerplast/controllers/Tracker_Controller.php
20/06/2022 13:56 XSLT transformation with built-in processor:/home/andrey/www/htdocs/polimerplast/build/templates/controllers/Tracker_Controller_js.xsl => /home/andrey/www/htdocs/polimerplast/js/controllers/Tracker_Controller.js
20/06/2022 13:56 XSLT transformation with built-in processor:/home/andrey/www/htdocs/polimerplast/build/templates/controllers/UserWarehouse_Controller_php.xsl => /home/andrey/www/htdocs/polimerplast/controllers/UserWarehouse_Controller.php
20/06/2022 13:56 XSLT transformation with built-in processor:/home/andrey/www/htdocs/polimerplast/build/templates/controllers/UserWarehouse_Controller_js.xsl => /home/andrey/www/htdocs/polimerplast/js/controllers/UserWarehouse_Controller.js
20/06/2022 13:56 XSLT transformation with built-in processor:/home/andrey/www/htdocs/polimerplast/build/templates/controllers/SMSForSending_Controller_php.xsl => /home/andrey/www/htdocs/polimerplast/controllers/SMSForSending_Controller.php
20/06/2022 13:56 XSLT transformation with built-in processor:/home/andrey/www/htdocs/polimerplast/build/templates/controllers/SMSForSending_Controller_js.xsl => /home/andrey/www/htdocs/polimerplast/js/controllers/SMSForSending_Controller.js
20/06/2022 13:56 XSLT transformation with built-in processor:/home/andrey/www/htdocs/polimerplast/build/templates/controllers/MailForSending_Controller_php.xsl => /home/andrey/www/htdocs/polimerplast/controllers/MailForSending_Controller.php
20/06/2022 13:56 XSLT transformation with built-in processor:/home/andrey/www/htdocs/polimerplast/build/templates/controllers/MailForSending_Controller_js.xsl => /home/andrey/www/htdocs/polimerplast/js/controllers/MailForSending_Controller.js
20/06/2022 13:56 XSLT transformation with built-in processor:/home/andrey/www/htdocs/polimerplast/build/templates/controllers/ProductGroup_Controller_php.xsl => /home/andrey/www/htdocs/polimerplast/controllers/ProductGroup_Controller.php
20/06/2022 13:56 XSLT transformation with built-in processor:/home/andrey/www/htdocs/polimerplast/build/templates/controllers/ProductGroup_Controller_js.xsl => /home/andrey/www/htdocs/polimerplast/js/controllers/ProductGroup_Controller.js
20/06/2022 13:56 XSLT transformation with built-in processor:/home/andrey/www/htdocs/polimerplast/build/templates/controllers/ProjectManager_Controller_php.xsl => /home/andrey/www/htdocs/polimerplast/controllers/ProjectManager_Controller.php
20/06/2022 13:56 XSLT transformation with built-in processor:/home/andrey/www/htdocs/polimerplast/build/templates/controllers/ProjectManager_Controller_js.xsl => /home/andrey/www/htdocs/polimerplast/js/controllers/ProjectManager_Controller.js
20/06/2022 13:56 XSLT transformation with built-in processor:/home/andrey/www/htdocs/polimerplast/build/templates/controllers/Naspunkt_Controller_php.xsl => /home/andrey/www/htdocs/polimerplast/controllers/Naspunkt_Controller.php
20/06/2022 13:56 XSLT transformation with built-in processor:/home/andrey/www/htdocs/polimerplast/build/templates/controllers/Naspunkt_Controller_js.xsl => /home/andrey/www/htdocs/polimerplast/js/controllers/Naspunkt_Controller.js
20/06/2022 13:56 XSLT transformation with built-in processor:/home/andrey/www/htdocs/polimerplast/build/templates/controllers/AccPKO_Controller_php.xsl => /home/andrey/www/htdocs/polimerplast/controllers/AccPKO_Controller.php
20/06/2022 13:56 XSLT transformation with built-in processor:/home/andrey/www/htdocs/polimerplast/build/templates/controllers/AccPKO_Controller_js.xsl => /home/andrey/www/htdocs/polimerplast/js/controllers/AccPKO_Controller.js
20/06/2022 13:56 XSLT transformation with built-in processor:/home/andrey/www/htdocs/polimerplast/build/templates/controllers/TemplateParam_Controller_php.xsl => /home/andrey/www/htdocs/polimerplast/controllers/TemplateParam_Controller.php
20/06/2022 13:56 XSLT transformation with built-in processor:/home/andrey/www/htdocs/polimerplast/build/templates/controllers/TemplateParam_Controller_js.xsl => /home/andrey/www/htdocs/polimerplast/js/controllers/TemplateParam_Controller.js
20/06/2022 13:56 XSLT transformation with built-in processor:/home/andrey/www/htdocs/polimerplast/build/templates/controllers/TTNAttrPair_Controller_php.xsl => /home/andrey/www/htdocs/polimerplast/controllers/TTNAttrPair_Controller.php
20/06/2022 13:56 XSLT transformation with built-in processor:/home/andrey/www/htdocs/polimerplast/build/templates/controllers/TTNAttrPair_Controller_js.xsl => /home/andrey/www/htdocs/polimerplast/js/controllers/TTNAttrPair_Controller.js
20/06/2022 13:56 XSLT transformation with built-in processor:/home/andrey/www/htdocs/polimerplast/build/templates/controllers/CarrierOrder_Controller_php.xsl => /home/andrey/www/htdocs/polimerplast/controllers/CarrierOrder_Controller.php
20/06/2022 13:56 XSLT transformation with built-in processor:/home/andrey/www/htdocs/polimerplast/build/templates/controllers/CarrierOrder_Controller_js.xsl => /home/andrey/www/htdocs/polimerplast/js/controllers/CarrierOrder_Controller.js
20/06/2022 13:56 XSLT transformation with built-in processor:/home/andrey/www/htdocs/polimerplast/build/templates/controllers/ClientSearch_Controller_php.xsl => /home/andrey/www/htdocs/polimerplast/controllers/ClientSearch_Controller.php
20/06/2022 13:56 XSLT transformation with built-in processor:/home/andrey/www/htdocs/polimerplast/build/templates/controllers/ClientSearch_Controller_js.xsl => /home/andrey/www/htdocs/polimerplast/js/controllers/ClientSearch_Controller.js
20/06/2022 13:56 XSLT transformation with built-in processor:/home/andrey/www/htdocs/polimerplast/build/templates/controllers/Bank_Controller_php.xsl => /home/andrey/www/htdocs/polimerplast/controllers/Bank_Controller.php
20/06/2022 13:56 XSLT transformation with built-in processor:/home/andrey/www/htdocs/polimerplast/build/templates/controllers/Bank_Controller_js.xsl => /home/andrey/www/htdocs/polimerplast/js/controllers/Bank_Controller.js
20/06/2022 13:56 XSLT transformation with built-in processor:/home/andrey/www/htdocs/polimerplast/build/templates/controllers/ClientFirmBankAccount_Controller_php.xsl => /home/andrey/www/htdocs/polimerplast/controllers/ClientFirmBankAccount_Controller.php
20/06/2022 13:56 XSLT transformation with built-in processor:/home/andrey/www/htdocs/polimerplast/build/templates/controllers/ClientFirmBankAccount_Controller_js.xsl => /home/andrey/www/htdocs/polimerplast/js/controllers/ClientFirmBankAccount_Controller.js
20/06/2022 13:56 XSLT transformation with built-in processor:/home/andrey/www/htdocs/polimerplast/build/templates/controllers/Product1cName_Controller_php.xsl => /home/andrey/www/htdocs/polimerplast/controllers/Product1cName_Controller.php
20/06/2022 13:56 XSLT transformation with built-in processor:/home/andrey/www/htdocs/polimerplast/build/templates/controllers/Product1cName_Controller_js.xsl => /home/andrey/www/htdocs/polimerplast/js/controllers/Product1cName_Controller.js
20/06/2022 13:56 XSLT transformation with built-in processor:/home/andrey/www/htdocs/polimerplast/build/templates/models/ConstantList_Model_php.xsl => /home/andrey/www/htdocs/polimerplast/models/ConstantList_Model.php
20/06/2022 13:56 XSLT transformation with built-in processor:/home/andrey/www/htdocs/polimerplast/build/templates/models/ConstantList_Model_js.xsl => /home/andrey/www/htdocs/polimerplast/js/models/ConstantList_Model.js
20/06/2022 13:56 XSLT transformation with built-in processor:/home/andrey/www/htdocs/polimerplast/build/templates/models/Firm_Model_php.xsl => /home/andrey/www/htdocs/polimerplast/models/Firm_Model.php
20/06/2022 13:56 XSLT transformation with built-in processor:/home/andrey/www/htdocs/polimerplast/build/templates/models/Firm_Model_js.xsl => /home/andrey/www/htdocs/polimerplast/js/models/Firm_Model.js
20/06/2022 13:56 XSLT transformation with built-in processor:/home/andrey/www/htdocs/polimerplast/build/templates/models/FirmList_Model_php.xsl => /home/andrey/www/htdocs/polimerplast/models/FirmList_Model.php
20/06/2022 13:56 XSLT transformation with built-in processor:/home/andrey/www/htdocs/polimerplast/build/templates/models/FirmList_Model_js.xsl => /home/andrey/www/htdocs/polimerplast/js/models/FirmList_Model.js
20/06/2022 13:56 XSLT transformation with built-in processor:/home/andrey/www/htdocs/polimerplast/build/templates/models/ClientActivity_Model_php.xsl => /home/andrey/www/htdocs/polimerplast/models/ClientActivity_Model.php
20/06/2022 13:56 XSLT transformation with built-in processor:/home/andrey/www/htdocs/polimerplast/build/templates/models/ClientActivity_Model_js.xsl => /home/andrey/www/htdocs/polimerplast/js/models/ClientActivity_Model.js
20/06/2022 13:56 XSLT transformation with built-in processor:/home/andrey/www/htdocs/polimerplast/build/templates/models/ClientActivityList_Model_php.xsl => /home/andrey/www/htdocs/polimerplast/models/ClientActivityList_Model.php
20/06/2022 13:56 XSLT transformation with built-in processor:/home/andrey/www/htdocs/polimerplast/build/templates/models/ClientActivityList_Model_js.xsl => /home/andrey/www/htdocs/polimerplast/js/models/ClientActivityList_Model.js
20/06/2022 13:56 XSLT transformation with built-in processor:/home/andrey/www/htdocs/polimerplast/build/templates/models/Client_Model_php.xsl => /home/andrey/www/htdocs/polimerplast/models/Client_Model.php
20/06/2022 13:56 XSLT transformation with built-in processor:/home/andrey/www/htdocs/polimerplast/build/templates/models/Client_Model_js.xsl => /home/andrey/www/htdocs/polimerplast/js/models/Client_Model.js
20/06/2022 13:56 XSLT transformation with built-in processor:/home/andrey/www/htdocs/polimerplast/build/templates/models/ClientList_Model_php.xsl => /home/andrey/www/htdocs/polimerplast/models/ClientList_Model.php
20/06/2022 13:56 XSLT transformation with built-in processor:/home/andrey/www/htdocs/polimerplast/build/templates/models/ClientList_Model_js.xsl => /home/andrey/www/htdocs/polimerplast/js/models/ClientList_Model.js
20/06/2022 13:56 XSLT transformation with built-in processor:/home/andrey/www/htdocs/polimerplast/build/templates/models/ClientDialog_Model_php.xsl => /home/andrey/www/htdocs/polimerplast/models/ClientDialog_Model.php
20/06/2022 13:56 XSLT transformation with built-in processor:/home/andrey/www/htdocs/polimerplast/build/templates/models/ClientDialog_Model_js.xsl => /home/andrey/www/htdocs/polimerplast/js/models/ClientDialog_Model.js
20/06/2022 13:56 XSLT transformation with built-in processor:/home/andrey/www/htdocs/polimerplast/build/templates/models/ClientComplete_Model_php.xsl => /home/andrey/www/htdocs/polimerplast/models/ClientComplete_Model.php
20/06/2022 13:56 XSLT transformation with built-in processor:/home/andrey/www/htdocs/polimerplast/build/templates/models/ClientComplete_Model_js.xsl => /home/andrey/www/htdocs/polimerplast/js/models/ClientComplete_Model.js
20/06/2022 13:56 XSLT transformation with built-in processor:/home/andrey/www/htdocs/polimerplast/build/templates/models/ClientContract_Model_php.xsl => /home/andrey/www/htdocs/polimerplast/models/ClientContract_Model.php
20/06/2022 13:56 XSLT transformation with built-in processor:/home/andrey/www/htdocs/polimerplast/build/templates/models/ClientContract_Model_js.xsl => /home/andrey/www/htdocs/polimerplast/js/models/ClientContract_Model.js
20/06/2022 13:56 XSLT transformation with built-in processor:/home/andrey/www/htdocs/polimerplast/build/templates/models/ClientContractList_Model_php.xsl => /home/andrey/www/htdocs/polimerplast/models/ClientContractList_Model.php
20/06/2022 13:56 XSLT transformation with built-in processor:/home/andrey/www/htdocs/polimerplast/build/templates/models/ClientContractList_Model_js.xsl => /home/andrey/www/htdocs/polimerplast/js/models/ClientContractList_Model.js
20/06/2022 13:56 XSLT transformation with built-in processor:/home/andrey/www/htdocs/polimerplast/build/templates/models/ClientDestination_Model_php.xsl => /home/andrey/www/htdocs/polimerplast/models/ClientDestination_Model.php
20/06/2022 13:56 XSLT transformation with built-in processor:/home/andrey/www/htdocs/polimerplast/build/templates/models/ClientDestination_Model_js.xsl => /home/andrey/www/htdocs/polimerplast/js/models/ClientDestination_Model.js
20/06/2022 13:56 XSLT transformation with built-in processor:/home/andrey/www/htdocs/polimerplast/build/templates/models/ClientDestinationList_Model_php.xsl => /home/andrey/www/htdocs/polimerplast/models/ClientDestinationList_Model.php
20/06/2022 13:56 XSLT transformation with built-in processor:/home/andrey/www/htdocs/polimerplast/build/templates/models/ClientDestinationList_Model_js.xsl => /home/andrey/www/htdocs/polimerplast/js/models/ClientDestinationList_Model.js
20/06/2022 13:56 XSLT transformation with built-in processor:/home/andrey/www/htdocs/polimerplast/build/templates/models/ClientDestinationDialog_Model_php.xsl => /home/andrey/www/htdocs/polimerplast/models/ClientDestinationDialog_Model.php
20/06/2022 13:56 XSLT transformation with built-in processor:/home/andrey/www/htdocs/polimerplast/build/templates/models/ClientDestinationDialog_Model_js.xsl => /home/andrey/www/htdocs/polimerplast/js/models/ClientDestinationDialog_Model.js
20/06/2022 13:56 XSLT transformation with built-in processor:/home/andrey/www/htdocs/polimerplast/build/templates/models/ProductionCity_Model_php.xsl => /home/andrey/www/htdocs/polimerplast/models/ProductionCity_Model.php
20/06/2022 13:56 XSLT transformation with built-in processor:/home/andrey/www/htdocs/polimerplast/build/templates/models/ProductionCity_Model_js.xsl => /home/andrey/www/htdocs/polimerplast/js/models/ProductionCity_Model.js
20/06/2022 13:56 XSLT transformation with built-in processor:/home/andrey/www/htdocs/polimerplast/build/templates/models/ProductionCityList_Model_php.xsl => /home/andrey/www/htdocs/polimerplast/models/ProductionCityList_Model.php
20/06/2022 13:56 XSLT transformation with built-in processor:/home/andrey/www/htdocs/polimerplast/build/templates/models/ProductionCityList_Model_js.xsl => /home/andrey/www/htdocs/polimerplast/js/models/ProductionCityList_Model.js
20/06/2022 13:56 XSLT transformation with built-in processor:/home/andrey/www/htdocs/polimerplast/build/templates/models/ProductionCityDialog_Model_php.xsl => /home/andrey/www/htdocs/polimerplast/models/ProductionCityDialog_Model.php
20/06/2022 13:56 XSLT transformation with built-in processor:/home/andrey/www/htdocs/polimerplast/build/templates/models/ProductionCityDialog_Model_js.xsl => /home/andrey/www/htdocs/polimerplast/js/models/ProductionCityDialog_Model.js
20/06/2022 13:56 XSLT transformation with built-in processor:/home/andrey/www/htdocs/polimerplast/build/templates/models/Warehouse_Model_php.xsl => /home/andrey/www/htdocs/polimerplast/models/Warehouse_Model.php
20/06/2022 13:56 XSLT transformation with built-in processor:/home/andrey/www/htdocs/polimerplast/build/templates/models/Warehouse_Model_js.xsl => /home/andrey/www/htdocs/polimerplast/js/models/Warehouse_Model.js
20/06/2022 13:56 XSLT transformation with built-in processor:/home/andrey/www/htdocs/polimerplast/build/templates/models/WarehouseList_Model_php.xsl => /home/andrey/www/htdocs/polimerplast/models/WarehouseList_Model.php
20/06/2022 13:56 XSLT transformation with built-in processor:/home/andrey/www/htdocs/polimerplast/build/templates/models/WarehouseList_Model_js.xsl => /home/andrey/www/htdocs/polimerplast/js/models/WarehouseList_Model.js
20/06/2022 13:56 XSLT transformation with built-in processor:/home/andrey/www/htdocs/polimerplast/build/templates/models/WarehouseDialog_Model_php.xsl => /home/andrey/www/htdocs/polimerplast/models/WarehouseDialog_Model.php
20/06/2022 13:56 XSLT transformation with built-in processor:/home/andrey/www/htdocs/polimerplast/build/templates/models/WarehouseDialog_Model_js.xsl => /home/andrey/www/htdocs/polimerplast/js/models/WarehouseDialog_Model.js
20/06/2022 13:56 XSLT transformation with built-in processor:/home/andrey/www/htdocs/polimerplast/build/templates/models/User_Model_php.xsl => /home/andrey/www/htdocs/polimerplast/models/User_Model.php
20/06/2022 13:56 XSLT transformation with built-in processor:/home/andrey/www/htdocs/polimerplast/build/templates/models/User_Model_js.xsl => /home/andrey/www/htdocs/polimerplast/js/models/User_Model.js
20/06/2022 13:56 XSLT transformation with built-in processor:/home/andrey/www/htdocs/polimerplast/build/templates/models/UserList_Model_php.xsl => /home/andrey/www/htdocs/polimerplast/models/UserList_Model.php
20/06/2022 13:56 XSLT transformation with built-in processor:/home/andrey/www/htdocs/polimerplast/build/templates/models/UserList_Model_js.xsl => /home/andrey/www/htdocs/polimerplast/js/models/UserList_Model.js
20/06/2022 13:56 XSLT transformation with built-in processor:/home/andrey/www/htdocs/polimerplast/build/templates/models/UserDialog_Model_php.xsl => /home/andrey/www/htdocs/polimerplast/models/UserDialog_Model.php
20/06/2022 13:56 XSLT transformation with built-in processor:/home/andrey/www/htdocs/polimerplast/build/templates/models/UserDialog_Model_js.xsl => /home/andrey/www/htdocs/polimerplast/js/models/UserDialog_Model.js
20/06/2022 13:56 XSLT transformation with built-in processor:/home/andrey/www/htdocs/polimerplast/build/templates/models/ClientUserList_Model_php.xsl => /home/andrey/www/htdocs/polimerplast/models/ClientUserList_Model.php
20/06/2022 13:56 XSLT transformation with built-in processor:/home/andrey/www/htdocs/polimerplast/build/templates/models/ClientUserList_Model_js.xsl => /home/andrey/www/htdocs/polimerplast/js/models/ClientUserList_Model.js
20/06/2022 13:56 XSLT transformation with built-in processor:/home/andrey/www/htdocs/polimerplast/build/templates/models/MeasureUnit_Model_php.xsl => /home/andrey/www/htdocs/polimerplast/models/MeasureUnit_Model.php
20/06/2022 13:56 XSLT transformation with built-in processor:/home/andrey/www/htdocs/polimerplast/build/templates/models/MeasureUnit_Model_js.xsl => /home/andrey/www/htdocs/polimerplast/js/models/MeasureUnit_Model.js
20/06/2022 13:56 XSLT transformation with built-in processor:/home/andrey/www/htdocs/polimerplast/build/templates/models/MeasureUnitList_Model_php.xsl => /home/andrey/www/htdocs/polimerplast/models/MeasureUnitList_Model.php
20/06/2022 13:56 XSLT transformation with built-in processor:/home/andrey/www/htdocs/polimerplast/build/templates/models/MeasureUnitList_Model_js.xsl => /home/andrey/www/htdocs/polimerplast/js/models/MeasureUnitList_Model.js
20/06/2022 13:56 XSLT transformation with built-in processor:/home/andrey/www/htdocs/polimerplast/build/templates/models/MeasureUnitDialog_Model_php.xsl => /home/andrey/www/htdocs/polimerplast/models/MeasureUnitDialog_Model.php
20/06/2022 13:56 XSLT transformation with built-in processor:/home/andrey/www/htdocs/polimerplast/build/templates/models/MeasureUnitDialog_Model_js.xsl => /home/andrey/www/htdocs/polimerplast/js/models/MeasureUnitDialog_Model.js
20/06/2022 13:56 XSLT transformation with built-in processor:/home/andrey/www/htdocs/polimerplast/build/templates/models/DeliveryPeriod_Model_php.xsl => /home/andrey/www/htdocs/polimerplast/models/DeliveryPeriod_Model.php
20/06/2022 13:56 XSLT transformation with built-in processor:/home/andrey/www/htdocs/polimerplast/build/templates/models/DeliveryPeriod_Model_js.xsl => /home/andrey/www/htdocs/polimerplast/js/models/DeliveryPeriod_Model.js
20/06/2022 13:56 XSLT transformation with built-in processor:/home/andrey/www/htdocs/polimerplast/build/templates/models/Driver_Model_php.xsl => /home/andrey/www/htdocs/polimerplast/models/Driver_Model.php
20/06/2022 13:56 XSLT transformation with built-in processor:/home/andrey/www/htdocs/polimerplast/build/templates/models/Driver_Model_js.xsl => /home/andrey/www/htdocs/polimerplast/js/models/Driver_Model.js
20/06/2022 13:56 XSLT transformation with built-in processor:/home/andrey/www/htdocs/polimerplast/build/templates/models/DriverList_Model_php.xsl => /home/andrey/www/htdocs/polimerplast/models/DriverList_Model.php
20/06/2022 13:56 XSLT transformation with built-in processor:/home/andrey/www/htdocs/polimerplast/build/templates/models/DriverList_Model_js.xsl => /home/andrey/www/htdocs/polimerplast/js/models/DriverList_Model.js
20/06/2022 13:56 XSLT transformation with built-in processor:/home/andrey/www/htdocs/polimerplast/build/templates/models/Carrier_Model_php.xsl => /home/andrey/www/htdocs/polimerplast/models/Carrier_Model.php
20/06/2022 13:56 XSLT transformation with built-in processor:/home/andrey/www/htdocs/polimerplast/build/templates/models/Carrier_Model_js.xsl => /home/andrey/www/htdocs/polimerplast/js/models/Carrier_Model.js
20/06/2022 13:56 XSLT transformation with built-in processor:/home/andrey/www/htdocs/polimerplast/build/templates/models/CarrierList_Model_php.xsl => /home/andrey/www/htdocs/polimerplast/models/CarrierList_Model.php
20/06/2022 13:56 XSLT transformation with built-in processor:/home/andrey/www/htdocs/polimerplast/build/templates/models/CarrierList_Model_js.xsl => /home/andrey/www/htdocs/polimerplast/js/models/CarrierList_Model.js
20/06/2022 13:56 XSLT transformation with built-in processor:/home/andrey/www/htdocs/polimerplast/build/templates/models/TrackerServer_Model_php.xsl => /home/andrey/www/htdocs/polimerplast/models/TrackerServer_Model.php
20/06/2022 13:56 XSLT transformation with built-in processor:/home/andrey/www/htdocs/polimerplast/build/templates/models/TrackerServer_Model_js.xsl => /home/andrey/www/htdocs/polimerplast/js/models/TrackerServer_Model.js
20/06/2022 13:56 XSLT transformation with built-in processor:/home/andrey/www/htdocs/polimerplast/build/templates/models/Tracker_Model_php.xsl => /home/andrey/www/htdocs/polimerplast/models/Tracker_Model.php
20/06/2022 13:56 XSLT transformation with built-in processor:/home/andrey/www/htdocs/polimerplast/build/templates/models/Tracker_Model_js.xsl => /home/andrey/www/htdocs/polimerplast/js/models/Tracker_Model.js
20/06/2022 13:56 XSLT transformation with built-in processor:/home/andrey/www/htdocs/polimerplast/build/templates/models/TrackerList_Model_php.xsl => /home/andrey/www/htdocs/polimerplast/models/TrackerList_Model.php
20/06/2022 13:56 XSLT transformation with built-in processor:/home/andrey/www/htdocs/polimerplast/build/templates/models/TrackerList_Model_js.xsl => /home/andrey/www/htdocs/polimerplast/js/models/TrackerList_Model.js
20/06/2022 13:56 XSLT transformation with built-in processor:/home/andrey/www/htdocs/polimerplast/build/templates/models/Vehicle_Model_php.xsl => /home/andrey/www/htdocs/polimerplast/models/Vehicle_Model.php
20/06/2022 13:56 XSLT transformation with built-in processor:/home/andrey/www/htdocs/polimerplast/build/templates/models/Vehicle_Model_js.xsl => /home/andrey/www/htdocs/polimerplast/js/models/Vehicle_Model.js
20/06/2022 13:56 XSLT transformation with built-in processor:/home/andrey/www/htdocs/polimerplast/build/templates/models/VehicleList_Model_php.xsl => /home/andrey/www/htdocs/polimerplast/models/VehicleList_Model.php
20/06/2022 13:56 XSLT transformation with built-in processor:/home/andrey/www/htdocs/polimerplast/build/templates/models/VehicleList_Model_js.xsl => /home/andrey/www/htdocs/polimerplast/js/models/VehicleList_Model.js
20/06/2022 13:56 XSLT transformation with built-in processor:/home/andrey/www/htdocs/polimerplast/build/templates/models/VehicleDialog_Model_php.xsl => /home/andrey/www/htdocs/polimerplast/models/VehicleDialog_Model.php
20/06/2022 13:56 XSLT transformation with built-in processor:/home/andrey/www/htdocs/polimerplast/build/templates/models/VehicleDialog_Model_js.xsl => /home/andrey/www/htdocs/polimerplast/js/models/VehicleDialog_Model.js
20/06/2022 13:56 XSLT transformation with built-in processor:/home/andrey/www/htdocs/polimerplast/build/templates/models/VehicleSelectList_Model_php.xsl => /home/andrey/www/htdocs/polimerplast/models/VehicleSelectList_Model.php
20/06/2022 13:56 XSLT transformation with built-in processor:/home/andrey/www/htdocs/polimerplast/build/templates/models/VehicleSelectList_Model_js.xsl => /home/andrey/www/htdocs/polimerplast/js/models/VehicleSelectList_Model.js
20/06/2022 13:56 XSLT transformation with built-in processor:/home/andrey/www/htdocs/polimerplast/build/templates/models/SatisfSurveyItem_Model_php.xsl => /home/andrey/www/htdocs/polimerplast/models/SatisfSurveyItem_Model.php
20/06/2022 13:56 XSLT transformation with built-in processor:/home/andrey/www/htdocs/polimerplast/build/templates/models/SatisfSurveyItem_Model_js.xsl => /home/andrey/www/htdocs/polimerplast/js/models/SatisfSurveyItem_Model.js
20/06/2022 13:56 XSLT transformation with built-in processor:/home/andrey/www/htdocs/polimerplast/build/templates/models/SertType_Model_php.xsl => /home/andrey/www/htdocs/polimerplast/models/SertType_Model.php
20/06/2022 13:56 XSLT transformation with built-in processor:/home/andrey/www/htdocs/polimerplast/build/templates/models/SertType_Model_js.xsl => /home/andrey/www/htdocs/polimerplast/js/models/SertType_Model.js
20/06/2022 13:56 XSLT transformation with built-in processor:/home/andrey/www/htdocs/polimerplast/build/templates/models/SertTypeAttr_Model_php.xsl => /home/andrey/www/htdocs/polimerplast/models/SertTypeAttr_Model.php
20/06/2022 13:56 XSLT transformation with built-in processor:/home/andrey/www/htdocs/polimerplast/build/templates/models/SertTypeAttr_Model_js.xsl => /home/andrey/www/htdocs/polimerplast/js/models/SertTypeAttr_Model.js
20/06/2022 13:56 XSLT transformation with built-in processor:/home/andrey/www/htdocs/polimerplast/build/templates/models/SertTypeAttrList_Model_php.xsl => /home/andrey/www/htdocs/polimerplast/models/SertTypeAttrList_Model.php
20/06/2022 13:56 XSLT transformation with built-in processor:/home/andrey/www/htdocs/polimerplast/build/templates/models/SertTypeAttrList_Model_js.xsl => /home/andrey/www/htdocs/polimerplast/js/models/SertTypeAttrList_Model.js
20/06/2022 13:56 XSLT transformation with built-in processor:/home/andrey/www/htdocs/polimerplast/build/templates/models/ProductGroup_Model_php.xsl => /home/andrey/www/htdocs/polimerplast/models/ProductGroup_Model.php
20/06/2022 13:56 XSLT transformation with built-in processor:/home/andrey/www/htdocs/polimerplast/build/templates/models/ProductGroup_Model_js.xsl => /home/andrey/www/htdocs/polimerplast/js/models/ProductGroup_Model.js
20/06/2022 13:56 XSLT transformation with built-in processor:/home/andrey/www/htdocs/polimerplast/build/templates/models/ProductGroupList_Model_php.xsl => /home/andrey/www/htdocs/polimerplast/models/ProductGroupList_Model.php
20/06/2022 13:56 XSLT transformation with built-in processor:/home/andrey/www/htdocs/polimerplast/build/templates/models/ProductGroupList_Model_js.xsl => /home/andrey/www/htdocs/polimerplast/js/models/ProductGroupList_Model.js
20/06/2022 13:56 XSLT transformation with built-in processor:/home/andrey/www/htdocs/polimerplast/build/templates/models/Product_Model_php.xsl => /home/andrey/www/htdocs/polimerplast/models/Product_Model.php
20/06/2022 13:56 XSLT transformation with built-in processor:/home/andrey/www/htdocs/polimerplast/build/templates/models/Product_Model_js.xsl => /home/andrey/www/htdocs/polimerplast/js/models/Product_Model.js
20/06/2022 13:56 XSLT transformation with built-in processor:/home/andrey/www/htdocs/polimerplast/build/templates/models/ProductList_Model_php.xsl => /home/andrey/www/htdocs/polimerplast/models/ProductList_Model.php
20/06/2022 13:56 XSLT transformation with built-in processor:/home/andrey/www/htdocs/polimerplast/build/templates/models/ProductList_Model_js.xsl => /home/andrey/www/htdocs/polimerplast/js/models/ProductList_Model.js
20/06/2022 13:56 XSLT transformation with built-in processor:/home/andrey/www/htdocs/polimerplast/build/templates/models/ProductFilterList_Model_php.xsl => /home/andrey/www/htdocs/polimerplast/models/ProductFilterList_Model.php
20/06/2022 13:56 XSLT transformation with built-in processor:/home/andrey/www/htdocs/polimerplast/build/templates/models/ProductFilterList_Model_js.xsl => /home/andrey/www/htdocs/polimerplast/js/models/ProductFilterList_Model.js
20/06/2022 13:56 XSLT transformation with built-in processor:/home/andrey/www/htdocs/polimerplast/build/templates/models/ProductDialog_Model_php.xsl => /home/andrey/www/htdocs/polimerplast/models/ProductDialog_Model.php
20/06/2022 13:56 XSLT transformation with built-in processor:/home/andrey/www/htdocs/polimerplast/build/templates/models/ProductDialog_Model_js.xsl => /home/andrey/www/htdocs/polimerplast/js/models/ProductDialog_Model.js
20/06/2022 13:56 XSLT transformation with built-in processor:/home/andrey/www/htdocs/polimerplast/build/templates/models/ProductCustomSizePrice_Model_php.xsl => /home/andrey/www/htdocs/polimerplast/models/ProductCustomSizePrice_Model.php
20/06/2022 13:56 XSLT transformation with built-in processor:/home/andrey/www/htdocs/polimerplast/build/templates/models/ProductCustomSizePrice_Model_js.xsl => /home/andrey/www/htdocs/polimerplast/js/models/ProductCustomSizePrice_Model.js
20/06/2022 13:56 XSLT transformation with built-in processor:/home/andrey/www/htdocs/polimerplast/build/templates/models/ProductMeasureUnit_Model_php.xsl => /home/andrey/www/htdocs/polimerplast/models/ProductMeasureUnit_Model.php
20/06/2022 13:56 XSLT transformation with built-in processor:/home/andrey/www/htdocs/polimerplast/build/templates/models/ProductMeasureUnit_Model_js.xsl => /home/andrey/www/htdocs/polimerplast/js/models/ProductMeasureUnit_Model.js
20/06/2022 13:56 XSLT transformation with built-in processor:/home/andrey/www/htdocs/polimerplast/build/templates/models/ProductMeasureUnitList_Model_php.xsl => /home/andrey/www/htdocs/polimerplast/models/ProductMeasureUnitList_Model.php
20/06/2022 13:56 XSLT transformation with built-in processor:/home/andrey/www/htdocs/polimerplast/build/templates/models/ProductMeasureUnitList_Model_js.xsl => /home/andrey/www/htdocs/polimerplast/js/models/ProductMeasureUnitList_Model.js
20/06/2022 13:56 XSLT transformation with built-in processor:/home/andrey/www/htdocs/polimerplast/build/templates/models/ProductWarehouse_Model_php.xsl => /home/andrey/www/htdocs/polimerplast/models/ProductWarehouse_Model.php
20/06/2022 13:56 XSLT transformation with built-in processor:/home/andrey/www/htdocs/polimerplast/build/templates/models/ProductWarehouse_Model_js.xsl => /home/andrey/www/htdocs/polimerplast/js/models/ProductWarehouse_Model.js
20/06/2022 13:56 XSLT transformation with built-in processor:/home/andrey/www/htdocs/polimerplast/build/templates/models/ProductWarehouseList_Model_php.xsl => /home/andrey/www/htdocs/polimerplast/models/ProductWarehouseList_Model.php
20/06/2022 13:56 XSLT transformation with built-in processor:/home/andrey/www/htdocs/polimerplast/build/templates/models/ProductWarehouseList_Model_js.xsl => /home/andrey/www/htdocs/polimerplast/js/models/ProductWarehouseList_Model.js
20/06/2022 13:56 XSLT transformation with built-in processor:/home/andrey/www/htdocs/polimerplast/build/templates/models/Product1cName_Model_php.xsl => /home/andrey/www/htdocs/polimerplast/models/Product1cName_Model.php
20/06/2022 13:56 XSLT transformation with built-in processor:/home/andrey/www/htdocs/polimerplast/build/templates/models/Product1cName_Model_js.xsl => /home/andrey/www/htdocs/polimerplast/js/models/Product1cName_Model.js
20/06/2022 13:56 XSLT transformation with built-in processor:/home/andrey/www/htdocs/polimerplast/build/templates/models/Product1cNameList_Model_php.xsl => /home/andrey/www/htdocs/polimerplast/models/Product1cNameList_Model.php
20/06/2022 13:56 XSLT transformation with built-in processor:/home/andrey/www/htdocs/polimerplast/build/templates/models/Product1cNameList_Model_js.xsl => /home/andrey/www/htdocs/polimerplast/js/models/Product1cNameList_Model.js
20/06/2022 13:56 XSLT transformation with built-in processor:/home/andrey/www/htdocs/polimerplast/build/templates/models/DOCOrder_Model_php.xsl => /home/andrey/www/htdocs/polimerplast/models/DOCOrder_Model.php
20/06/2022 13:56 XSLT transformation with built-in processor:/home/andrey/www/htdocs/polimerplast/build/templates/models/DOCOrder_Model_js.xsl => /home/andrey/www/htdocs/polimerplast/js/models/DOCOrder_Model.js
20/06/2022 13:56 XSLT transformation with built-in processor:/home/andrey/www/htdocs/polimerplast/build/templates/models/DOCOrderLink_Model_php.xsl => /home/andrey/www/htdocs/polimerplast/models/DOCOrderLink_Model.php
20/06/2022 13:56 XSLT transformation with built-in processor:/home/andrey/www/htdocs/polimerplast/build/templates/models/DOCOrderLink_Model_js.xsl => /home/andrey/www/htdocs/polimerplast/js/models/DOCOrderLink_Model.js
20/06/2022 13:56 XSLT transformation with built-in processor:/home/andrey/www/htdocs/polimerplast/build/templates/models/DOCOrderState_Model_php.xsl => /home/andrey/www/htdocs/polimerplast/models/DOCOrderState_Model.php
20/06/2022 13:56 XSLT transformation with built-in processor:/home/andrey/www/htdocs/polimerplast/build/templates/models/DOCOrderState_Model_js.xsl => /home/andrey/www/htdocs/polimerplast/js/models/DOCOrderState_Model.js
20/06/2022 13:56 XSLT transformation with built-in processor:/home/andrey/www/htdocs/polimerplast/build/templates/models/DOCOrderHeadHistory_Model_php.xsl => /home/andrey/www/htdocs/polimerplast/models/DOCOrderHeadHistory_Model.php
20/06/2022 13:56 XSLT transformation with built-in processor:/home/andrey/www/htdocs/polimerplast/build/templates/models/DOCOrderHeadHistory_Model_js.xsl => /home/andrey/www/htdocs/polimerplast/js/models/DOCOrderHeadHistory_Model.js
20/06/2022 13:56 XSLT transformation with built-in processor:/home/andrey/www/htdocs/polimerplast/build/templates/models/DOCOrderProductHistory_Model_php.xsl => /home/andrey/www/htdocs/polimerplast/models/DOCOrderProductHistory_Model.php
20/06/2022 13:56 XSLT transformation with built-in processor:/home/andrey/www/htdocs/polimerplast/build/templates/models/DOCOrderProductHistory_Model_js.xsl => /home/andrey/www/htdocs/polimerplast/js/models/DOCOrderProductHistory_Model.js
20/06/2022 13:56 XSLT transformation with built-in processor:/home/andrey/www/htdocs/polimerplast/build/templates/models/DOCOrderProdPassport_Model_php.xsl => /home/andrey/www/htdocs/polimerplast/models/DOCOrderProdPassport_Model.php
20/06/2022 13:56 XSLT transformation with built-in processor:/home/andrey/www/htdocs/polimerplast/build/templates/models/DOCOrderProdPassport_Model_js.xsl => /home/andrey/www/htdocs/polimerplast/js/models/DOCOrderProdPassport_Model.js
20/06/2022 13:56 XSLT transformation with built-in processor:/home/andrey/www/htdocs/polimerplast/build/templates/models/DOCOrderNewList_Model_php.xsl => /home/andrey/www/htdocs/polimerplast/models/DOCOrderNewList_Model.php
20/06/2022 13:56 XSLT transformation with built-in processor:/home/andrey/www/htdocs/polimerplast/build/templates/models/DOCOrderNewList_Model_js.xsl => /home/andrey/www/htdocs/polimerplast/js/models/DOCOrderNewList_Model.js
20/06/2022 13:56 XSLT transformation with built-in processor:/home/andrey/www/htdocs/polimerplast/build/templates/models/DOCOrderCurrentList_Model_php.xsl => /home/andrey/www/htdocs/polimerplast/models/DOCOrderCurrentList_Model.php
20/06/2022 13:56 XSLT transformation with built-in processor:/home/andrey/www/htdocs/polimerplast/build/templates/models/DOCOrderCurrentList_Model_js.xsl => /home/andrey/www/htdocs/polimerplast/js/models/DOCOrderCurrentList_Model.js
20/06/2022 13:56 XSLT transformation with built-in processor:/home/andrey/www/htdocs/polimerplast/build/templates/models/DOCOrderCurrentForClientList_Model_php.xsl => /home/andrey/www/htdocs/polimerplast/models/DOCOrderCurrentForClientList_Model.php
20/06/2022 13:56 XSLT transformation with built-in processor:/home/andrey/www/htdocs/polimerplast/build/templates/models/DOCOrderCurrentForClientList_Model_js.xsl => /home/andrey/www/htdocs/polimerplast/js/models/DOCOrderCurrentForClientList_Model.js
20/06/2022 13:56 XSLT transformation with built-in processor:/home/andrey/www/htdocs/polimerplast/build/templates/models/DOCOrderCurrentForProductionList_Model_php.xsl => /home/andrey/www/htdocs/polimerplast/models/DOCOrderCurrentForProductionList_Model.php
20/06/2022 13:56 XSLT transformation with built-in processor:/home/andrey/www/htdocs/polimerplast/build/templates/models/DOCOrderCurrentForProductionList_Model_js.xsl => /home/andrey/www/htdocs/polimerplast/js/models/DOCOrderCurrentForProductionList_Model.js
20/06/2022 13:56 XSLT transformation with built-in processor:/home/andrey/www/htdocs/polimerplast/build/templates/models/DOCOrderClosedList_Model_php.xsl => /home/andrey/www/htdocs/polimerplast/models/DOCOrderClosedList_Model.php
20/06/2022 13:56 XSLT transformation with built-in processor:/home/andrey/www/htdocs/polimerplast/build/templates/models/DOCOrderClosedList_Model_js.xsl => /home/andrey/www/htdocs/polimerplast/js/models/DOCOrderClosedList_Model.js
20/06/2022 13:56 XSLT transformation with built-in processor:/home/andrey/www/htdocs/polimerplast/build/templates/models/DOCOrderDialog_Model_php.xsl => /home/andrey/www/htdocs/polimerplast/models/DOCOrderDialog_Model.php
20/06/2022 13:56 XSLT transformation with built-in processor:/home/andrey/www/htdocs/polimerplast/build/templates/models/DOCOrderDialog_Model_js.xsl => /home/andrey/www/htdocs/polimerplast/js/models/DOCOrderDialog_Model.js
20/06/2022 13:56 XSLT transformation with built-in processor:/home/andrey/www/htdocs/polimerplast/build/templates/models/DOCOrderDivisDialog_Model_php.xsl => /home/andrey/www/htdocs/polimerplast/models/DOCOrderDivisDialog_Model.php
20/06/2022 13:56 XSLT transformation with built-in processor:/home/andrey/www/htdocs/polimerplast/build/templates/models/DOCOrderDivisDialog_Model_js.xsl => /home/andrey/www/htdocs/polimerplast/js/models/DOCOrderDivisDialog_Model.js
20/06/2022 13:56 XSLT transformation with built-in processor:/home/andrey/www/htdocs/polimerplast/build/templates/models/DOCOrderCustSurveyDialog_Model_php.xsl => /home/andrey/www/htdocs/polimerplast/models/DOCOrderCustSurveyDialog_Model.php
20/06/2022 13:56 XSLT transformation with built-in processor:/home/andrey/www/htdocs/polimerplast/build/templates/models/DOCOrderCustSurveyDialog_Model_js.xsl => /home/andrey/www/htdocs/polimerplast/js/models/DOCOrderCustSurveyDialog_Model.js
20/06/2022 13:56 XSLT transformation with built-in processor:/home/andrey/www/htdocs/polimerplast/build/templates/models/DOCOrderShipmentDialog_Model_php.xsl => /home/andrey/www/htdocs/polimerplast/models/DOCOrderShipmentDialog_Model.php
20/06/2022 13:56 XSLT transformation with built-in processor:/home/andrey/www/htdocs/polimerplast/build/templates/models/DOCOrderShipmentDialog_Model_js.xsl => /home/andrey/www/htdocs/polimerplast/js/models/DOCOrderShipmentDialog_Model.js
20/06/2022 13:56 XSLT transformation with built-in processor:/home/andrey/www/htdocs/polimerplast/build/templates/models/ClientPriceList_Model_php.xsl => /home/andrey/www/htdocs/polimerplast/models/ClientPriceList_Model.php
20/06/2022 13:56 XSLT transformation with built-in processor:/home/andrey/www/htdocs/polimerplast/build/templates/models/ClientPriceList_Model_js.xsl => /home/andrey/www/htdocs/polimerplast/js/models/ClientPriceList_Model.js
20/06/2022 13:56 XSLT transformation with built-in processor:/home/andrey/www/htdocs/polimerplast/build/templates/models/ClientPriceListList_Model_php.xsl => /home/andrey/www/htdocs/polimerplast/models/ClientPriceListList_Model.php
20/06/2022 13:56 XSLT transformation with built-in processor:/home/andrey/www/htdocs/polimerplast/build/templates/models/ClientPriceListList_Model_js.xsl => /home/andrey/www/htdocs/polimerplast/js/models/ClientPriceListList_Model.js
20/06/2022 13:56 XSLT transformation with built-in processor:/home/andrey/www/htdocs/polimerplast/build/templates/models/ClientPriceListDialog_Model_php.xsl => /home/andrey/www/htdocs/polimerplast/models/ClientPriceListDialog_Model.php
20/06/2022 13:56 XSLT transformation with built-in processor:/home/andrey/www/htdocs/polimerplast/build/templates/models/ClientPriceListDialog_Model_js.xsl => /home/andrey/www/htdocs/polimerplast/js/models/ClientPriceListDialog_Model.js
20/06/2022 13:56 XSLT transformation with built-in processor:/home/andrey/www/htdocs/polimerplast/build/templates/models/ClientPriceListProduct_Model_php.xsl => /home/andrey/www/htdocs/polimerplast/models/ClientPriceListProduct_Model.php
20/06/2022 13:56 XSLT transformation with built-in processor:/home/andrey/www/htdocs/polimerplast/build/templates/models/ClientPriceListProduct_Model_js.xsl => /home/andrey/www/htdocs/polimerplast/js/models/ClientPriceListProduct_Model.js
20/06/2022 13:56 XSLT transformation with built-in processor:/home/andrey/www/htdocs/polimerplast/build/templates/models/ClientPriceListClient_Model_php.xsl => /home/andrey/www/htdocs/polimerplast/models/ClientPriceListClient_Model.php
20/06/2022 13:56 XSLT transformation with built-in processor:/home/andrey/www/htdocs/polimerplast/build/templates/models/ClientPriceListClient_Model_js.xsl => /home/andrey/www/htdocs/polimerplast/js/models/ClientPriceListClient_Model.js
20/06/2022 13:56 XSLT transformation with built-in processor:/home/andrey/www/htdocs/polimerplast/build/templates/models/ClientPriceListClientList_Model_php.xsl => /home/andrey/www/htdocs/polimerplast/models/ClientPriceListClientList_Model.php
20/06/2022 13:56 XSLT transformation with built-in processor:/home/andrey/www/htdocs/polimerplast/build/templates/models/ClientPriceListClientList_Model_js.xsl => /home/andrey/www/htdocs/polimerplast/js/models/ClientPriceListClientList_Model.js
20/06/2022 13:56 XSLT transformation with built-in processor:/home/andrey/www/htdocs/polimerplast/build/templates/models/ClientPriceListClientSelect_Model_php.xsl => /home/andrey/www/htdocs/polimerplast/models/ClientPriceListClientSelect_Model.php
20/06/2022 13:56 XSLT transformation with built-in processor:/home/andrey/www/htdocs/polimerplast/build/templates/models/ClientPriceListClientSelect_Model_js.xsl => /home/andrey/www/htdocs/polimerplast/js/models/ClientPriceListClientSelect_Model.js
20/06/2022 13:56 XSLT transformation with built-in processor:/home/andrey/www/htdocs/polimerplast/build/templates/models/DOCOrderDOCTProduct_Model_php.xsl => /home/andrey/www/htdocs/polimerplast/models/DOCOrderDOCTProduct_Model.php
20/06/2022 13:56 XSLT transformation with built-in processor:/home/andrey/www/htdocs/polimerplast/build/templates/models/DOCOrderDOCTProduct_Model_js.xsl => /home/andrey/www/htdocs/polimerplast/js/models/DOCOrderDOCTProduct_Model.js
20/06/2022 13:56 XSLT transformation with built-in processor:/home/andrey/www/htdocs/polimerplast/build/templates/models/DOCOrderDOCTProductList_Model_php.xsl => /home/andrey/www/htdocs/polimerplast/models/DOCOrderDOCTProductList_Model.php
20/06/2022 13:56 XSLT transformation with built-in processor:/home/andrey/www/htdocs/polimerplast/build/templates/models/DOCOrderDOCTProductList_Model_js.xsl => /home/andrey/www/htdocs/polimerplast/js/models/DOCOrderDOCTProductList_Model.js
20/06/2022 13:56 XSLT transformation with built-in processor:/home/andrey/www/htdocs/polimerplast/build/templates/models/DOCOrderDOCTProductDialog_Model_php.xsl => /home/andrey/www/htdocs/polimerplast/models/DOCOrderDOCTProductDialog_Model.php
20/06/2022 13:56 XSLT transformation with built-in processor:/home/andrey/www/htdocs/polimerplast/build/templates/models/DOCOrderDOCTProductDialog_Model_js.xsl => /home/andrey/www/htdocs/polimerplast/js/models/DOCOrderDOCTProductDialog_Model.js
20/06/2022 13:56 XSLT transformation with built-in processor:/home/andrey/www/htdocs/polimerplast/build/templates/models/DOCOrderDOCTFProduct_Model_php.xsl => /home/andrey/www/htdocs/polimerplast/models/DOCOrderDOCTFProduct_Model.php
20/06/2022 13:56 XSLT transformation with built-in processor:/home/andrey/www/htdocs/polimerplast/build/templates/models/DOCOrderDOCTFProduct_Model_js.xsl => /home/andrey/www/htdocs/polimerplast/js/models/DOCOrderDOCTFProduct_Model.js
20/06/2022 13:56 XSLT transformation with built-in processor:/home/andrey/www/htdocs/polimerplast/build/templates/models/DOCOrderDOCTCustSurvey_Model_php.xsl => /home/andrey/www/htdocs/polimerplast/models/DOCOrderDOCTCustSurvey_Model.php
20/06/2022 13:56 XSLT transformation with built-in processor:/home/andrey/www/htdocs/polimerplast/build/templates/models/DOCOrderDOCTCustSurvey_Model_js.xsl => /home/andrey/www/htdocs/polimerplast/js/models/DOCOrderDOCTCustSurvey_Model.js
20/06/2022 13:56 XSLT transformation with built-in processor:/home/andrey/www/htdocs/polimerplast/build/templates/models/DOCOrderDOCTCustSurveyList_Model_php.xsl => /home/andrey/www/htdocs/polimerplast/models/DOCOrderDOCTCustSurveyList_Model.php
20/06/2022 13:56 XSLT transformation with built-in processor:/home/andrey/www/htdocs/polimerplast/build/templates/models/DOCOrderDOCTCustSurveyList_Model_js.xsl => /home/andrey/www/htdocs/polimerplast/js/models/DOCOrderDOCTCustSurveyList_Model.js
20/06/2022 13:56 XSLT transformation with built-in processor:/home/andrey/www/htdocs/polimerplast/build/templates/models/DOCOrderDOCTFCustSurvey_Model_php.xsl => /home/andrey/www/htdocs/polimerplast/models/DOCOrderDOCTFCustSurvey_Model.php
20/06/2022 13:56 XSLT transformation with built-in processor:/home/andrey/www/htdocs/polimerplast/build/templates/models/DOCOrderDOCTFCustSurvey_Model_js.xsl => /home/andrey/www/htdocs/polimerplast/js/models/DOCOrderDOCTFCustSurvey_Model.js
20/06/2022 13:56 XSLT transformation with built-in processor:/home/andrey/www/htdocs/polimerplast/build/templates/models/OrderChange_Model_php.xsl => /home/andrey/www/htdocs/polimerplast/models/OrderChange_Model.php
20/06/2022 13:56 XSLT transformation with built-in processor:/home/andrey/www/htdocs/polimerplast/build/templates/models/OrderChange_Model_js.xsl => /home/andrey/www/htdocs/polimerplast/js/models/OrderChange_Model.js
20/06/2022 13:56 XSLT transformation with built-in processor:/home/andrey/www/htdocs/polimerplast/build/templates/models/CustomerSurveyQuestion_Model_php.xsl => /home/andrey/www/htdocs/polimerplast/models/CustomerSurveyQuestion_Model.php
20/06/2022 13:56 XSLT transformation with built-in processor:/home/andrey/www/htdocs/polimerplast/build/templates/models/CustomerSurveyQuestion_Model_js.xsl => /home/andrey/www/htdocs/polimerplast/js/models/CustomerSurveyQuestion_Model.js
20/06/2022 13:56 XSLT transformation with built-in processor:/home/andrey/www/htdocs/polimerplast/build/templates/models/ProductionState_Model_php.xsl => /home/andrey/www/htdocs/polimerplast/models/ProductionState_Model.php
20/06/2022 13:56 XSLT transformation with built-in processor:/home/andrey/www/htdocs/polimerplast/build/templates/models/ProductionState_Model_js.xsl => /home/andrey/www/htdocs/polimerplast/js/models/ProductionState_Model.js
20/06/2022 13:56 XSLT transformation with built-in processor:/home/andrey/www/htdocs/polimerplast/build/templates/models/DeliveryHour_Model_php.xsl => /home/andrey/www/htdocs/polimerplast/models/DeliveryHour_Model.php
20/06/2022 13:56 XSLT transformation with built-in processor:/home/andrey/www/htdocs/polimerplast/build/templates/models/DeliveryHour_Model_js.xsl => /home/andrey/www/htdocs/polimerplast/js/models/DeliveryHour_Model.js
20/06/2022 13:56 XSLT transformation with built-in processor:/home/andrey/www/htdocs/polimerplast/build/templates/models/DeliveryVehicle_Model_php.xsl => /home/andrey/www/htdocs/polimerplast/models/DeliveryVehicle_Model.php
20/06/2022 13:56 XSLT transformation with built-in processor:/home/andrey/www/htdocs/polimerplast/build/templates/models/DeliveryVehicle_Model_js.xsl => /home/andrey/www/htdocs/polimerplast/js/models/DeliveryVehicle_Model.js
20/06/2022 13:56 XSLT transformation with built-in processor:/home/andrey/www/htdocs/polimerplast/build/templates/models/Delivery_Model_php.xsl => /home/andrey/www/htdocs/polimerplast/models/Delivery_Model.php
20/06/2022 13:56 XSLT transformation with built-in processor:/home/andrey/www/htdocs/polimerplast/build/templates/models/Delivery_Model_js.xsl => /home/andrey/www/htdocs/polimerplast/js/models/Delivery_Model.js
20/06/2022 13:56 XSLT transformation with built-in processor:/home/andrey/www/htdocs/polimerplast/build/templates/models/DeliveryExtraVehicle_Model_php.xsl => /home/andrey/www/htdocs/polimerplast/models/DeliveryExtraVehicle_Model.php
20/06/2022 13:56 XSLT transformation with built-in processor:/home/andrey/www/htdocs/polimerplast/build/templates/models/DeliveryExtraVehicle_Model_js.xsl => /home/andrey/www/htdocs/polimerplast/js/models/DeliveryExtraVehicle_Model.js
20/06/2022 13:56 XSLT transformation with built-in processor:/home/andrey/www/htdocs/polimerplast/build/templates/models/DeliveryDeletedVehicle_Model_php.xsl => /home/andrey/www/htdocs/polimerplast/models/DeliveryDeletedVehicle_Model.php
20/06/2022 13:56 XSLT transformation with built-in processor:/home/andrey/www/htdocs/polimerplast/build/templates/models/DeliveryDeletedVehicle_Model_js.xsl => /home/andrey/www/htdocs/polimerplast/js/models/DeliveryDeletedVehicle_Model.js
20/06/2022 13:56 XSLT transformation with built-in processor:/home/andrey/www/htdocs/polimerplast/build/templates/models/VehicleState_Model_php.xsl => /home/andrey/www/htdocs/polimerplast/models/VehicleState_Model.php
20/06/2022 13:56 XSLT transformation with built-in processor:/home/andrey/www/htdocs/polimerplast/build/templates/models/VehicleState_Model_js.xsl => /home/andrey/www/htdocs/polimerplast/js/models/VehicleState_Model.js
20/06/2022 13:56 XSLT transformation with built-in processor:/home/andrey/www/htdocs/polimerplast/build/templates/models/MailForSending_Model_php.xsl => /home/andrey/www/htdocs/polimerplast/models/MailForSending_Model.php
20/06/2022 13:56 XSLT transformation with built-in processor:/home/andrey/www/htdocs/polimerplast/build/templates/models/MailForSending_Model_js.xsl => /home/andrey/www/htdocs/polimerplast/js/models/MailForSending_Model.js
20/06/2022 13:56 XSLT transformation with built-in processor:/home/andrey/www/htdocs/polimerplast/build/templates/models/MailForSendingList_Model_php.xsl => /home/andrey/www/htdocs/polimerplast/models/MailForSendingList_Model.php
20/06/2022 13:56 XSLT transformation with built-in processor:/home/andrey/www/htdocs/polimerplast/build/templates/models/MailForSendingList_Model_js.xsl => /home/andrey/www/htdocs/polimerplast/js/models/MailForSendingList_Model.js
20/06/2022 13:56 XSLT transformation with built-in processor:/home/andrey/www/htdocs/polimerplast/build/templates/models/MailForSendingAttachment_Model_php.xsl => /home/andrey/www/htdocs/polimerplast/models/MailForSendingAttachment_Model.php
20/06/2022 13:56 XSLT transformation with built-in processor:/home/andrey/www/htdocs/polimerplast/build/templates/models/MailForSendingAttachment_Model_js.xsl => /home/andrey/www/htdocs/polimerplast/js/models/MailForSendingAttachment_Model.js
20/06/2022 13:56 XSLT transformation with built-in processor:/home/andrey/www/htdocs/polimerplast/build/templates/models/SMSForSending_Model_php.xsl => /home/andrey/www/htdocs/polimerplast/models/SMSForSending_Model.php
20/06/2022 13:56 XSLT transformation with built-in processor:/home/andrey/www/htdocs/polimerplast/build/templates/models/SMSForSending_Model_js.xsl => /home/andrey/www/htdocs/polimerplast/js/models/SMSForSending_Model.js
20/06/2022 13:56 XSLT transformation with built-in processor:/home/andrey/www/htdocs/polimerplast/build/templates/models/SMSForSendingList_Model_php.xsl => /home/andrey/www/htdocs/polimerplast/models/SMSForSendingList_Model.php
20/06/2022 13:56 XSLT transformation with built-in processor:/home/andrey/www/htdocs/polimerplast/build/templates/models/SMSForSendingList_Model_js.xsl => /home/andrey/www/htdocs/polimerplast/js/models/SMSForSendingList_Model.js
20/06/2022 13:56 XSLT transformation with built-in processor:/home/andrey/www/htdocs/polimerplast/build/templates/models/RepProductionLoad_Model_php.xsl => /home/andrey/www/htdocs/polimerplast/models/RepProductionLoad_Model.php
20/06/2022 13:56 XSLT transformation with built-in processor:/home/andrey/www/htdocs/polimerplast/build/templates/models/RepProductionLoad_Model_js.xsl => /home/andrey/www/htdocs/polimerplast/js/models/RepProductionLoad_Model.js
20/06/2022 13:56 XSLT transformation with built-in processor:/home/andrey/www/htdocs/polimerplast/build/templates/models/RepSale_Model_php.xsl => /home/andrey/www/htdocs/polimerplast/models/RepSale_Model.php
20/06/2022 13:56 XSLT transformation with built-in processor:/home/andrey/www/htdocs/polimerplast/build/templates/models/RepSale_Model_js.xsl => /home/andrey/www/htdocs/polimerplast/js/models/RepSale_Model.js
20/06/2022 13:56 XSLT transformation with built-in processor:/home/andrey/www/htdocs/polimerplast/build/templates/models/RepPriceListTuning_Model_php.xsl => /home/andrey/www/htdocs/polimerplast/models/RepPriceListTuning_Model.php
20/06/2022 13:56 XSLT transformation with built-in processor:/home/andrey/www/htdocs/polimerplast/build/templates/models/RepPriceListTuning_Model_js.xsl => /home/andrey/www/htdocs/polimerplast/js/models/RepPriceListTuning_Model.js
20/06/2022 13:56 XSLT transformation with built-in processor:/home/andrey/www/htdocs/polimerplast/build/templates/models/PayOrderList_Model_php.xsl => /home/andrey/www/htdocs/polimerplast/models/PayOrderList_Model.php
20/06/2022 13:56 XSLT transformation with built-in processor:/home/andrey/www/htdocs/polimerplast/build/templates/models/PayOrderList_Model_js.xsl => /home/andrey/www/htdocs/polimerplast/js/models/PayOrderList_Model.js
20/06/2022 13:56 XSLT transformation with built-in processor:/home/andrey/www/htdocs/polimerplast/build/templates/models/ClientDebtPeriod_Model_php.xsl => /home/andrey/www/htdocs/polimerplast/models/ClientDebtPeriod_Model.php
20/06/2022 13:56 XSLT transformation with built-in processor:/home/andrey/www/htdocs/polimerplast/build/templates/models/ClientDebtPeriod_Model_js.xsl => /home/andrey/www/htdocs/polimerplast/js/models/ClientDebtPeriod_Model.js
20/06/2022 13:56 XSLT transformation with built-in processor:/home/andrey/www/htdocs/polimerplast/build/templates/models/ClientDebtPeriodList_Model_php.xsl => /home/andrey/www/htdocs/polimerplast/models/ClientDebtPeriodList_Model.php
20/06/2022 13:56 XSLT transformation with built-in processor:/home/andrey/www/htdocs/polimerplast/build/templates/models/ClientDebtPeriodList_Model_js.xsl => /home/andrey/www/htdocs/polimerplast/js/models/ClientDebtPeriodList_Model.js
20/06/2022 13:56 XSLT transformation with built-in processor:/home/andrey/www/htdocs/polimerplast/build/templates/models/ReportVariant_Model_php.xsl => /home/andrey/www/htdocs/polimerplast/models/ReportVariant_Model.php
20/06/2022 13:56 XSLT transformation with built-in processor:/home/andrey/www/htdocs/polimerplast/build/templates/models/ReportVariant_Model_js.xsl => /home/andrey/www/htdocs/polimerplast/js/models/ReportVariant_Model.js
20/06/2022 13:56 XSLT transformation with built-in processor:/home/andrey/www/htdocs/polimerplast/build/templates/models/ReportVariantList_Model_php.xsl => /home/andrey/www/htdocs/polimerplast/models/ReportVariantList_Model.php
20/06/2022 13:56 XSLT transformation with built-in processor:/home/andrey/www/htdocs/polimerplast/build/templates/models/ReportVariantList_Model_js.xsl => /home/andrey/www/htdocs/polimerplast/js/models/ReportVariantList_Model.js
20/06/2022 13:56 XSLT transformation with built-in processor:/home/andrey/www/htdocs/polimerplast/build/templates/models/DOCOrderCancelCause_Model_php.xsl => /home/andrey/www/htdocs/polimerplast/models/DOCOrderCancelCause_Model.php
20/06/2022 13:56 XSLT transformation with built-in processor:/home/andrey/www/htdocs/polimerplast/build/templates/models/DOCOrderCancelCause_Model_js.xsl => /home/andrey/www/htdocs/polimerplast/js/models/DOCOrderCancelCause_Model.js
20/06/2022 13:56 XSLT transformation with built-in processor:/home/andrey/www/htdocs/polimerplast/build/templates/models/SMSTemplate_Model_php.xsl => /home/andrey/www/htdocs/polimerplast/models/SMSTemplate_Model.php
20/06/2022 13:56 XSLT transformation with built-in processor:/home/andrey/www/htdocs/polimerplast/build/templates/models/SMSTemplate_Model_js.xsl => /home/andrey/www/htdocs/polimerplast/js/models/SMSTemplate_Model.js
20/06/2022 13:56 XSLT transformation with built-in processor:/home/andrey/www/htdocs/polimerplast/build/templates/models/SMSTemplateList_Model_php.xsl => /home/andrey/www/htdocs/polimerplast/models/SMSTemplateList_Model.php
20/06/2022 13:56 XSLT transformation with built-in processor:/home/andrey/www/htdocs/polimerplast/build/templates/models/SMSTemplateList_Model_js.xsl => /home/andrey/www/htdocs/polimerplast/js/models/SMSTemplateList_Model.js
20/06/2022 13:56 XSLT transformation with built-in processor:/home/andrey/www/htdocs/polimerplast/build/templates/models/EmailTemplate_Model_php.xsl => /home/andrey/www/htdocs/polimerplast/models/EmailTemplate_Model.php
20/06/2022 13:56 XSLT transformation with built-in processor:/home/andrey/www/htdocs/polimerplast/build/templates/models/EmailTemplate_Model_js.xsl => /home/andrey/www/htdocs/polimerplast/js/models/EmailTemplate_Model.js
20/06/2022 13:56 XSLT transformation with built-in processor:/home/andrey/www/htdocs/polimerplast/build/templates/models/EmailTemplateList_Model_php.xsl => /home/andrey/www/htdocs/polimerplast/models/EmailTemplateList_Model.php
20/06/2022 13:56 XSLT transformation with built-in processor:/home/andrey/www/htdocs/polimerplast/build/templates/models/EmailTemplateList_Model_js.xsl => /home/andrey/www/htdocs/polimerplast/js/models/EmailTemplateList_Model.js
20/06/2022 13:56 XSLT transformation with built-in processor:/home/andrey/www/htdocs/polimerplast/build/templates/models/DelivDistanceCache_Model_php.xsl => /home/andrey/www/htdocs/polimerplast/models/DelivDistanceCache_Model.php
20/06/2022 13:56 XSLT transformation with built-in processor:/home/andrey/www/htdocs/polimerplast/build/templates/models/DelivDistanceCache_Model_js.xsl => /home/andrey/www/htdocs/polimerplast/js/models/DelivDistanceCache_Model.js
20/06/2022 13:56 XSLT transformation with built-in processor:/home/andrey/www/htdocs/polimerplast/build/templates/models/DelivCostOpt_Model_php.xsl => /home/andrey/www/htdocs/polimerplast/models/DelivCostOpt_Model.php
20/06/2022 13:56 XSLT transformation with built-in processor:/home/andrey/www/htdocs/polimerplast/build/templates/models/DelivCostOpt_Model_js.xsl => /home/andrey/www/htdocs/polimerplast/js/models/DelivCostOpt_Model.js
20/06/2022 13:56 XSLT transformation with built-in processor:/home/andrey/www/htdocs/polimerplast/build/templates/models/DelivCostOptList_Model_php.xsl => /home/andrey/www/htdocs/polimerplast/models/DelivCostOptList_Model.php
20/06/2022 13:56 XSLT transformation with built-in processor:/home/andrey/www/htdocs/polimerplast/build/templates/models/DelivCostOptList_Model_js.xsl => /home/andrey/www/htdocs/polimerplast/js/models/DelivCostOptList_Model.js
20/06/2022 13:56 XSLT transformation with built-in processor:/home/andrey/www/htdocs/polimerplast/build/templates/models/DelivCost_Model_php.xsl => /home/andrey/www/htdocs/polimerplast/models/DelivCost_Model.php
20/06/2022 13:56 XSLT transformation with built-in processor:/home/andrey/www/htdocs/polimerplast/build/templates/models/DelivCost_Model_js.xsl => /home/andrey/www/htdocs/polimerplast/js/models/DelivCost_Model.js
20/06/2022 13:56 XSLT transformation with built-in processor:/home/andrey/www/htdocs/polimerplast/build/templates/models/DelivCostList_Model_php.xsl => /home/andrey/www/htdocs/polimerplast/models/DelivCostList_Model.php
20/06/2022 13:56 XSLT transformation with built-in processor:/home/andrey/www/htdocs/polimerplast/build/templates/models/DelivCostList_Model_js.xsl => /home/andrey/www/htdocs/polimerplast/js/models/DelivCostList_Model.js
20/06/2022 13:56 XSLT transformation with built-in processor:/home/andrey/www/htdocs/polimerplast/build/templates/models/ClientPaySchedule_Model_php.xsl => /home/andrey/www/htdocs/polimerplast/models/ClientPaySchedule_Model.php
20/06/2022 13:56 XSLT transformation with built-in processor:/home/andrey/www/htdocs/polimerplast/build/templates/models/ClientPaySchedule_Model_js.xsl => /home/andrey/www/htdocs/polimerplast/js/models/ClientPaySchedule_Model.js
20/06/2022 13:56 XSLT transformation with built-in processor:/home/andrey/www/htdocs/polimerplast/build/templates/models/ClientPayScheduleList_Model_php.xsl => /home/andrey/www/htdocs/polimerplast/models/ClientPayScheduleList_Model.php
20/06/2022 13:56 XSLT transformation with built-in processor:/home/andrey/www/htdocs/polimerplast/build/templates/models/ClientPayScheduleList_Model_js.xsl => /home/andrey/www/htdocs/polimerplast/js/models/ClientPayScheduleList_Model.js
20/06/2022 13:56 XSLT transformation with built-in processor:/home/andrey/www/htdocs/polimerplast/build/templates/models/ClientDebt_Model_php.xsl => /home/andrey/www/htdocs/polimerplast/models/ClientDebt_Model.php
20/06/2022 13:56 XSLT transformation with built-in processor:/home/andrey/www/htdocs/polimerplast/build/templates/models/ClientDebt_Model_js.xsl => /home/andrey/www/htdocs/polimerplast/js/models/ClientDebt_Model.js
20/06/2022 13:56 XSLT transformation with built-in processor:/home/andrey/www/htdocs/polimerplast/build/templates/models/ClientDebtList_Model_php.xsl => /home/andrey/www/htdocs/polimerplast/models/ClientDebtList_Model.php
20/06/2022 13:56 XSLT transformation with built-in processor:/home/andrey/www/htdocs/polimerplast/build/templates/models/ClientDebtList_Model_js.xsl => /home/andrey/www/htdocs/polimerplast/js/models/ClientDebtList_Model.js
20/06/2022 13:56 XSLT transformation with built-in processor:/home/andrey/www/htdocs/polimerplast/build/templates/models/RepClientDebtList_Model_php.xsl => /home/andrey/www/htdocs/polimerplast/models/RepClientDebtList_Model.php
20/06/2022 13:56 XSLT transformation with built-in processor:/home/andrey/www/htdocs/polimerplast/build/templates/models/RepClientDebtList_Model_js.xsl => /home/andrey/www/htdocs/polimerplast/js/models/RepClientDebtList_Model.js
20/06/2022 13:56 XSLT transformation with built-in processor:/home/andrey/www/htdocs/polimerplast/build/templates/models/UserWarehouse_Model_php.xsl => /home/andrey/www/htdocs/polimerplast/models/UserWarehouse_Model.php
20/06/2022 13:56 XSLT transformation with built-in processor:/home/andrey/www/htdocs/polimerplast/build/templates/models/UserWarehouse_Model_js.xsl => /home/andrey/www/htdocs/polimerplast/js/models/UserWarehouse_Model.js
20/06/2022 13:56 XSLT transformation with built-in processor:/home/andrey/www/htdocs/polimerplast/build/templates/models/UserWarehouseList_Model_php.xsl => /home/andrey/www/htdocs/polimerplast/models/UserWarehouseList_Model.php
20/06/2022 13:56 XSLT transformation with built-in processor:/home/andrey/www/htdocs/polimerplast/build/templates/models/UserWarehouseList_Model_js.xsl => /home/andrey/www/htdocs/polimerplast/js/models/UserWarehouseList_Model.js
20/06/2022 13:56 XSLT transformation with built-in processor:/home/andrey/www/htdocs/polimerplast/build/templates/models/Holiday_Model_php.xsl => /home/andrey/www/htdocs/polimerplast/models/Holiday_Model.php
20/06/2022 13:56 XSLT transformation with built-in processor:/home/andrey/www/htdocs/polimerplast/build/templates/models/Holiday_Model_js.xsl => /home/andrey/www/htdocs/polimerplast/js/models/Holiday_Model.js
20/06/2022 13:56 XSLT transformation with built-in processor:/home/andrey/www/htdocs/polimerplast/build/templates/models/HolidayList_Model_php.xsl => /home/andrey/www/htdocs/polimerplast/models/HolidayList_Model.php
20/06/2022 13:56 XSLT transformation with built-in processor:/home/andrey/www/htdocs/polimerplast/build/templates/models/HolidayList_Model_js.xsl => /home/andrey/www/htdocs/polimerplast/js/models/HolidayList_Model.js
20/06/2022 13:56 XSLT transformation with built-in processor:/home/andrey/www/htdocs/polimerplast/build/templates/models/TelPrefix_Model_php.xsl => /home/andrey/www/htdocs/polimerplast/models/TelPrefix_Model.php
20/06/2022 13:56 XSLT transformation with built-in processor:/home/andrey/www/htdocs/polimerplast/build/templates/models/TelPrefix_Model_js.xsl => /home/andrey/www/htdocs/polimerplast/js/models/TelPrefix_Model.js
20/06/2022 13:56 XSLT transformation with built-in processor:/home/andrey/www/htdocs/polimerplast/build/templates/models/Naspunkt_Model_php.xsl => /home/andrey/www/htdocs/polimerplast/models/Naspunkt_Model.php
20/06/2022 13:56 XSLT transformation with built-in processor:/home/andrey/www/htdocs/polimerplast/build/templates/models/Naspunkt_Model_js.xsl => /home/andrey/www/htdocs/polimerplast/js/models/Naspunkt_Model.js
20/06/2022 13:56 XSLT transformation with built-in processor:/home/andrey/www/htdocs/polimerplast/build/templates/models/NaspunktList_Model_php.xsl => /home/andrey/www/htdocs/polimerplast/models/NaspunktList_Model.php
20/06/2022 13:56 XSLT transformation with built-in processor:/home/andrey/www/htdocs/polimerplast/build/templates/models/NaspunktList_Model_js.xsl => /home/andrey/www/htdocs/polimerplast/js/models/NaspunktList_Model.js
20/06/2022 13:56 XSLT transformation with built-in processor:/home/andrey/www/htdocs/polimerplast/build/templates/models/NaspunktCostList_Model_php.xsl => /home/andrey/www/htdocs/polimerplast/models/NaspunktCostList_Model.php
20/06/2022 13:56 XSLT transformation with built-in processor:/home/andrey/www/htdocs/polimerplast/build/templates/models/NaspunktCostList_Model_js.xsl => /home/andrey/www/htdocs/polimerplast/js/models/NaspunktCostList_Model.js
20/06/2022 13:56 XSLT transformation with built-in processor:/home/andrey/www/htdocs/polimerplast/build/templates/models/DOCOrderPrintSeq_Model_php.xsl => /home/andrey/www/htdocs/polimerplast/models/DOCOrderPrintSeq_Model.php
20/06/2022 13:56 XSLT transformation with built-in processor:/home/andrey/www/htdocs/polimerplast/build/templates/models/DOCOrderPrintSeq_Model_js.xsl => /home/andrey/www/htdocs/polimerplast/js/models/DOCOrderPrintSeq_Model.js
20/06/2022 13:56 XSLT transformation with built-in processor:/home/andrey/www/htdocs/polimerplast/build/templates/models/AccPKO_Model_php.xsl => /home/andrey/www/htdocs/polimerplast/models/AccPKO_Model.php
20/06/2022 13:56 XSLT transformation with built-in processor:/home/andrey/www/htdocs/polimerplast/build/templates/models/AccPKO_Model_js.xsl => /home/andrey/www/htdocs/polimerplast/js/models/AccPKO_Model.js
20/06/2022 13:56 XSLT transformation with built-in processor:/home/andrey/www/htdocs/polimerplast/build/templates/models/AccPKOList_Model_php.xsl => /home/andrey/www/htdocs/polimerplast/models/AccPKOList_Model.php
20/06/2022 13:56 XSLT transformation with built-in processor:/home/andrey/www/htdocs/polimerplast/build/templates/models/AccPKOList_Model_js.xsl => /home/andrey/www/htdocs/polimerplast/js/models/AccPKOList_Model.js
20/06/2022 13:56 XSLT transformation with built-in processor:/home/andrey/www/htdocs/polimerplast/build/templates/models/VehicleStopList_Model_php.xsl => /home/andrey/www/htdocs/polimerplast/models/VehicleStopList_Model.php
20/06/2022 13:56 XSLT transformation with built-in processor:/home/andrey/www/htdocs/polimerplast/build/templates/models/VehicleStopList_Model_js.xsl => /home/andrey/www/htdocs/polimerplast/js/models/VehicleStopList_Model.js
20/06/2022 13:56 XSLT transformation with built-in processor:/home/andrey/www/htdocs/polimerplast/build/templates/models/TemplateParam_Model_php.xsl => /home/andrey/www/htdocs/polimerplast/models/TemplateParam_Model.php
20/06/2022 13:56 XSLT transformation with built-in processor:/home/andrey/www/htdocs/polimerplast/build/templates/models/TemplateParam_Model_js.xsl => /home/andrey/www/htdocs/polimerplast/js/models/TemplateParam_Model.js
20/06/2022 13:56 XSLT transformation with built-in processor:/home/andrey/www/htdocs/polimerplast/build/templates/models/TemplateParamList_Model_php.xsl => /home/andrey/www/htdocs/polimerplast/models/TemplateParamList_Model.php
20/06/2022 13:56 XSLT transformation with built-in processor:/home/andrey/www/htdocs/polimerplast/build/templates/models/TemplateParamList_Model_js.xsl => /home/andrey/www/htdocs/polimerplast/js/models/TemplateParamList_Model.js
20/06/2022 13:56 XSLT transformation with built-in processor:/home/andrey/www/htdocs/polimerplast/build/templates/models/UnassignedOrderList_Model_php.xsl => /home/andrey/www/htdocs/polimerplast/models/UnassignedOrderList_Model.php
20/06/2022 13:56 XSLT transformation with built-in processor:/home/andrey/www/htdocs/polimerplast/build/templates/models/UnassignedOrderList_Model_js.xsl => /home/andrey/www/htdocs/polimerplast/js/models/UnassignedOrderList_Model.js
20/06/2022 13:56 XSLT transformation with built-in processor:/home/andrey/www/htdocs/polimerplast/build/templates/models/TTNAttrPair_Model_php.xsl => /home/andrey/www/htdocs/polimerplast/models/TTNAttrPair_Model.php
20/06/2022 13:56 XSLT transformation with built-in processor:/home/andrey/www/htdocs/polimerplast/build/templates/models/TTNAttrPair_Model_js.xsl => /home/andrey/www/htdocs/polimerplast/js/models/TTNAttrPair_Model.js
20/06/2022 13:56 XSLT transformation with built-in processor:/home/andrey/www/htdocs/polimerplast/build/templates/models/TTNAttrPairList_Model_php.xsl => /home/andrey/www/htdocs/polimerplast/models/TTNAttrPairList_Model.php
20/06/2022 13:56 XSLT transformation with built-in processor:/home/andrey/www/htdocs/polimerplast/build/templates/models/TTNAttrPairList_Model_js.xsl => /home/andrey/www/htdocs/polimerplast/js/models/TTNAttrPairList_Model.js
20/06/2022 13:56 XSLT transformation with built-in processor:/home/andrey/www/htdocs/polimerplast/build/templates/models/CarrierOrder_Model_php.xsl => /home/andrey/www/htdocs/polimerplast/models/CarrierOrder_Model.php
20/06/2022 13:56 XSLT transformation with built-in processor:/home/andrey/www/htdocs/polimerplast/build/templates/models/CarrierOrder_Model_js.xsl => /home/andrey/www/htdocs/polimerplast/js/models/CarrierOrder_Model.js
20/06/2022 13:56 XSLT transformation with built-in processor:/home/andrey/www/htdocs/polimerplast/build/templates/models/CarrierOrderList_Model_php.xsl => /home/andrey/www/htdocs/polimerplast/models/CarrierOrderList_Model.php
20/06/2022 13:56 XSLT transformation with built-in processor:/home/andrey/www/htdocs/polimerplast/build/templates/models/CarrierOrderList_Model_js.xsl => /home/andrey/www/htdocs/polimerplast/js/models/CarrierOrderList_Model.js
20/06/2022 13:56 XSLT transformation with built-in processor:/home/andrey/www/htdocs/polimerplast/build/templates/models/BankList_Model_php.xsl => /home/andrey/www/htdocs/polimerplast/models/BankList_Model.php
20/06/2022 13:56 XSLT transformation with built-in processor:/home/andrey/www/htdocs/polimerplast/build/templates/models/BankList_Model_js.xsl => /home/andrey/www/htdocs/polimerplast/js/models/BankList_Model.js
20/06/2022 13:56 XSLT transformation with built-in processor:/home/andrey/www/htdocs/polimerplast/build/templates/models/ClientFirmBankAccount_Model_php.xsl => /home/andrey/www/htdocs/polimerplast/models/ClientFirmBankAccount_Model.php
20/06/2022 13:56 XSLT transformation with built-in processor:/home/andrey/www/htdocs/polimerplast/build/templates/models/ClientFirmBankAccount_Model_js.xsl => /home/andrey/www/htdocs/polimerplast/js/models/ClientFirmBankAccount_Model.js
20/06/2022 13:56 XSLT transformation with built-in processor:/home/andrey/www/htdocs/polimerplast/build/templates/models/ClientFirmBankAccountList_Model_php.xsl => /home/andrey/www/htdocs/polimerplast/models/ClientFirmBankAccountList_Model.php
20/06/2022 13:56 XSLT transformation with built-in processor:/home/andrey/www/htdocs/polimerplast/build/templates/models/ClientFirmBankAccountList_Model_js.xsl => /home/andrey/www/htdocs/polimerplast/js/models/ClientFirmBankAccountList_Model.js
20/06/2022 13:56 XSLT transformation with built-in processor:/home/andrey/www/htdocs/polimerplast/build/templates/models/MainMenu_Model_client_php.xsl => /home/andrey/www/htdocs/polimerplast/models/MainMenu_Model_client.php
20/06/2022 13:56 XSLT transformation with built-in processor:/home/andrey/www/htdocs/polimerplast/build/templates/models/MainMenu_Model_sales_manager_php.xsl => /home/andrey/www/htdocs/polimerplast/models/MainMenu_Model_sales_manager.php
20/06/2022 13:56 XSLT transformation with built-in processor:/home/andrey/www/htdocs/polimerplast/build/templates/models/MainMenu_Model_production_php.xsl => /home/andrey/www/htdocs/polimerplast/models/MainMenu_Model_production.php
20/06/2022 13:56 XSLT transformation with built-in processor:/home/andrey/www/htdocs/polimerplast/build/templates/models/MainMenu_Model_marketing_php.xsl => /home/andrey/www/htdocs/polimerplast/models/MainMenu_Model_marketing.php
20/06/2022 13:56 XSLT transformation with built-in processor:/home/andrey/www/htdocs/polimerplast/build/templates/models/MainMenu_Model_boss_php.xsl => /home/andrey/www/htdocs/polimerplast/models/MainMenu_Model_boss.php
20/06/2022 13:56 XSLT transformation with built-in processor:/home/andrey/www/htdocs/polimerplast/build/templates/models/MainMenu_Model_representative_php.xsl => /home/andrey/www/htdocs/polimerplast/models/MainMenu_Model_representative.php
20/06/2022 13:56 XSLT transformation with built-in processor:/home/andrey/www/htdocs/polimerplast/build/templates/models/MainMenu_Model_admin_php.xsl => /home/andrey/www/htdocs/polimerplast/models/MainMenu_Model_admin.php
20/06/2022 13:56 XSLT transformation with built-in processor:/home/andrey/www/htdocs/polimerplast/build/templates/views/ViewBase_php.xsl => /home/andrey/www/htdocs/polimerplast/views/ViewBase.php
20/06/2022 13:56 XSLT transformation with built-in processor:/home/andrey/www/htdocs/polimerplast/build/templates/permissions/permission_admin_php.xsl => /home/andrey/www/htdocs/polimerplast/permissions/permission_admin.php
20/06/2022 13:56 XSLT transformation with built-in processor:/home/andrey/www/htdocs/polimerplast/build/templates/permissions/permission_client_php.xsl => /home/andrey/www/htdocs/polimerplast/permissions/permission_client.php
20/06/2022 13:56 XSLT transformation with built-in processor:/home/andrey/www/htdocs/polimerplast/build/templates/permissions/permission_sales_manager_php.xsl => /home/andrey/www/htdocs/polimerplast/permissions/permission_sales_manager.php
20/06/2022 13:56 XSLT transformation with built-in processor:/home/andrey/www/htdocs/polimerplast/build/templates/permissions/permission_production_php.xsl => /home/andrey/www/htdocs/polimerplast/permissions/permission_production.php
20/06/2022 13:56 XSLT transformation with built-in processor:/home/andrey/www/htdocs/polimerplast/build/templates/permissions/permission_marketing_php.xsl => /home/andrey/www/htdocs/polimerplast/permissions/permission_marketing.php
20/06/2022 13:56 XSLT transformation with built-in processor:/home/andrey/www/htdocs/polimerplast/build/templates/permissions/permission_boss_php.xsl => /home/andrey/www/htdocs/polimerplast/permissions/permission_boss.php
20/06/2022 13:56 XSLT transformation with built-in processor:/home/andrey/www/htdocs/polimerplast/build/templates/permissions/permission_representative_php.xsl => /home/andrey/www/htdocs/polimerplast/permissions/permission_representative.php
20/06/2022 13:56 XSLT transformation with built-in processor:/home/andrey/www/htdocs/polimerplast/build/templates/permissions/permission_guest_php.xsl => /home/andrey/www/htdocs/polimerplast/permissions/permission_guest.php
20/06/2022 13:56 XSLT transformation with built-in processor:/home/andrey/www/htdocs/polimerplast/build/templates/db/SQL.PGSQL.xsl => /home/andrey/www/htdocs/polimerplast/build/sql/last_update.sql
20/06/2022 13:56 XSLT transformation with built-in processor:/home/andrey/www/htdocs/polimerplast/build/templates/doc/Doc_html.xsl => /home/andrey/www/htdocs/polimerplast/doc/index.html
08/03/2024 02:41 XSLT transformation with built-in processor:/media/andrey/Data/andrey/www/htdocs/polimerplast/build/templates/controllers/SaleStoreAddress_Controller_php.xsl => /media/andrey/Data/andrey/www/htdocs/polimerplast/controllers/SaleStoreAddress_Controller.php
08/03/2024 02:41 Error! /media/andrey/Data/andrey/www/htdocs/polimerplast/build/templates/controllers/Controller_js.tmpl
